00:00:06.179477 VirtualBox VM 6.0.24 r139119 win.amd64 (Jul  9 2020 19:37:22) release log
00:00:06.179504 Log opened 2022-05-29T08:08:17.139257400Z
00:00:06.179505 Build Type: release
00:00:06.179508 OS Product: Windows 10
00:00:06.179509 OS Release: 10.0.19044
00:00:06.179509 OS Service Pack: 
00:00:06.676302 DMI Product Name: HP EliteBook Folio 9480m
00:00:06.681156 DMI Product Version: A3009DD10303
00:00:06.681177 Host RAM: 8073MB (7.8GB) total, 2017MB available
00:00:06.681181 Executable: C:\Program Files\Oracle\VirtualBox\VirtualBoxVM.exe
00:00:06.681182 Process ID: 7540
00:00:06.681182 Package type: WINDOWS_64BITS_GENERIC
00:00:06.692838 Installed Extension Packs:
00:00:06.692900   Oracle VM VirtualBox Extension Pack (Version: 6.0.24 r139119; VRDE Module: VBoxVRDP)
00:00:06.726143 Console: Machine state changed to 'Starting'
00:00:06.726602 Qt version: 5.6.2
00:00:06.730000 GUI: UIMediumEnumerator: Medium-enumeration finished!
00:00:07.142385 SUP: Loaded VMMR0.r0 (C:\Program Files\Oracle\VirtualBox\VMMR0.r0) at 0xXXXXXXXXXXXXXXXX - ModuleInit at XXXXXXXXXXXXXXXX and ModuleTerm at XXXXXXXXXXXXXXXX using the native ring-0 loader
00:00:07.142415 SUP: VMMR0EntryEx located at XXXXXXXXXXXXXXXX and VMMR0EntryFast at XXXXXXXXXXXXXXXX
00:00:07.142422 SUP: windbg> .reload /f C:\Program Files\Oracle\VirtualBox\VMMR0.r0=0xXXXXXXXXXXXXXXXX
00:00:07.145614 Guest OS type: 'RedHat'
00:00:07.195117 File system of 'C:\Users\HP\VirtualBox VMs\redhat server\Snapshots' (snapshots) is ntfs
00:00:07.195148 File system of 'C:\Users\HP\VirtualBox VMs\redhat server\redhat server.vdi' is ntfs
00:00:08.197904 Shared clipboard service loaded
00:00:08.197953 Shared clipboard mode: Off
00:00:08.230378 Drag and drop service loaded
00:00:08.230409 Drag and drop mode: Off
00:00:08.250866 ************************* CFGM dump *************************
00:00:08.250868 [/] (level 0)
00:00:08.250871   CSAMEnabled       <integer> = 0x0000000000000001 (1)
00:00:08.250872   CpuExecutionCap   <integer> = 0x0000000000000064 (100)
00:00:08.250873   EnablePAE         <integer> = 0x0000000000000001 (1)
00:00:08.250874   HMEnabled         <integer> = 0x0000000000000001 (1)
00:00:08.250875   MemBalloonSize    <integer> = 0x0000000000000000 (0)
00:00:08.250876   Name              <string>  = "redhat server" (cb=14)
00:00:08.250877   NumCPUs           <integer> = 0x0000000000000001 (1)
00:00:08.250878   PATMEnabled       <integer> = 0x0000000000000001 (1)
00:00:08.250878   PageFusionAllowed <integer> = 0x0000000000000000 (0)
00:00:08.250879   RamHoleSize       <integer> = 0x0000000020000000 (536 870 912, 512 MB)
00:00:08.250880   RamSize           <integer> = 0x0000000020000000 (536 870 912, 512 MB)
00:00:08.250882   RawR0Enabled      <integer> = 0x0000000000000001 (1)
00:00:08.250882   RawR3Enabled      <integer> = 0x0000000000000001 (1)
00:00:08.250883   TimerMillies      <integer> = 0x000000000000000a (10)
00:00:08.250884   UUID              <bytes>   = "36 c3 f7 b4 24 49 3f 41 86 13 83 1e 2b e3 d1 c3" (cb=16)
00:00:08.250902 
00:00:08.250902 [/CPUM/] (level 1)
00:00:08.250903   GuestCpuName       <string>  = "host" (cb=5)
00:00:08.250904   NestedHWVirt       <integer> = 0x0000000000000000 (0)
00:00:08.250905   PortableCpuIdLevel <integer> = 0x0000000000000000 (0)
00:00:08.250906   SpecCtrl           <integer> = 0x0000000000000000 (0)
00:00:08.250907 
00:00:08.250907 [/CPUM/IsaExts/] (level 2)
00:00:08.250908 
00:00:08.250908 [/DBGC/] (level 1)
00:00:08.250909   GlobalInitScript <string>  = "C:\Users\HP\.VirtualBox/dbgc-init" (cb=34)
00:00:08.250910   HistoryFile      <string>  = "C:\Users\HP\.VirtualBox/dbgc-history" (cb=37)
00:00:08.250911   LocalInitScript  <string>  = "C:\Users\HP\VirtualBox VMs\redhat server/dbgc-init" (cb=51)
00:00:08.250911 
00:00:08.250912 [/DBGF/] (level 1)
00:00:08.250912   Path <string>  = "C:\Users\HP\VirtualBox VMs\redhat server/debug/;C:\Users\HP\VirtualBox VMs\redhat server/;C:\Users\HP\" (cb=103)
00:00:08.250913 
00:00:08.250914 [/Devices/] (level 1)
00:00:08.250914 
00:00:08.250914 [/Devices/8237A/] (level 2)
00:00:08.250915 
00:00:08.250916 [/Devices/8237A/0/] (level 3)
00:00:08.250916   Trusted <integer> = 0x0000000000000001 (1)
00:00:08.250917 
00:00:08.250917 [/Devices/GIMDev/] (level 2)
00:00:08.250918 
00:00:08.250918 [/Devices/GIMDev/0/] (level 3)
00:00:08.250919   Trusted <integer> = 0x0000000000000001 (1)
00:00:08.250920 
00:00:08.250920 [/Devices/VMMDev/] (level 2)
00:00:08.250921 
00:00:08.250921 [/Devices/VMMDev/0/] (level 3)
00:00:08.250922   PCIBusNo      <integer> = 0x0000000000000000 (0)
00:00:08.250923   PCIDeviceNo   <integer> = 0x0000000000000004 (4)
00:00:08.250923   PCIFunctionNo <integer> = 0x0000000000000000 (0)
00:00:08.250924   Trusted       <integer> = 0x0000000000000001 (1)
00:00:08.250924 
00:00:08.250925 [/Devices/VMMDev/0/Config/] (level 4)
00:00:08.250925   GuestCoreDumpDir <string>  = "C:\Users\HP\VirtualBox VMs\redhat server\Snapshots" (cb=51)
00:00:08.250926 
00:00:08.250926 [/Devices/VMMDev/0/LUN#0/] (level 4)
00:00:08.250927   Driver <string>  = "HGCM" (cb=5)
00:00:08.250928 
00:00:08.250928 [/Devices/VMMDev/0/LUN#0/Config/] (level 5)
00:00:08.250929   Object <integer> = 0x00000000061f7d00 (102 726 912)
00:00:08.250930 
00:00:08.250930 [/Devices/VMMDev/0/LUN#999/] (level 4)
00:00:08.250931   Driver <string>  = "MainStatus" (cb=11)
00:00:08.250932 
00:00:08.250932 [/Devices/VMMDev/0/LUN#999/Config/] (level 5)
00:00:08.250933   First   <integer> = 0x0000000000000000 (0)
00:00:08.250934   Last    <integer> = 0x0000000000000000 (0)
00:00:08.250934   papLeds <integer> = 0x00000000018b0f18 (25 890 584)
00:00:08.250935 
00:00:08.250936 [/Devices/acpi/] (level 2)
00:00:08.250937 
00:00:08.250937 [/Devices/acpi/0/] (level 3)
00:00:08.250938   PCIBusNo      <integer> = 0x0000000000000000 (0)
00:00:08.250939   PCIDeviceNo   <integer> = 0x0000000000000007 (7)
00:00:08.250939   PCIFunctionNo <integer> = 0x0000000000000000 (0)
00:00:08.250940   Trusted       <integer> = 0x0000000000000001 (1)
00:00:08.250940 
00:00:08.250940 [/Devices/acpi/0/Config/] (level 4)
00:00:08.250942   CpuHotPlug          <integer> = 0x0000000000000000 (0)
00:00:08.250943   FdcEnabled          <integer> = 0x0000000000000000 (0)
00:00:08.250943   HostBusPciAddress   <integer> = 0x0000000000000000 (0)
00:00:08.250944   HpetEnabled         <integer> = 0x0000000000000000 (0)
00:00:08.250945   IOAPIC              <integer> = 0x0000000000000000 (0)
00:00:08.250945   IocPciAddress       <integer> = 0x0000000000010000 (65 536)
00:00:08.250946   NumCPUs             <integer> = 0x0000000000000001 (1)
00:00:08.250947   Parallel0IoPortBase <integer> = 0x0000000000000000 (0)
00:00:08.250947   Parallel0Irq        <integer> = 0x0000000000000000 (0)
00:00:08.250948   Parallel1IoPortBase <integer> = 0x0000000000000000 (0)
00:00:08.250949   Parallel1Irq        <integer> = 0x0000000000000000 (0)
00:00:08.250949   Serial0IoPortBase   <integer> = 0x0000000000000000 (0)
00:00:08.250950   Serial0Irq          <integer> = 0x0000000000000000 (0)
00:00:08.250950   Serial1IoPortBase   <integer> = 0x0000000000000000 (0)
00:00:08.250951   Serial1Irq          <integer> = 0x0000000000000000 (0)
00:00:08.250952   ShowCpu             <integer> = 0x0000000000000000 (0)
00:00:08.250952   ShowRtc             <integer> = 0x0000000000000000 (0)
00:00:08.250953   SmcEnabled          <integer> = 0x0000000000000000 (0)
00:00:08.250953 
00:00:08.250954 [/Devices/acpi/0/LUN#0/] (level 4)
00:00:08.250955   Driver <string>  = "ACPIHost" (cb=9)
00:00:08.250955 
00:00:08.250955 [/Devices/acpi/0/LUN#0/Config/] (level 5)
00:00:08.250956 
00:00:08.250957 [/Devices/ahci/] (level 2)
00:00:08.250957 
00:00:08.250958 [/Devices/ahci/0/] (level 3)
00:00:08.250959   PCIBusNo      <integer> = 0x0000000000000000 (0)
00:00:08.250959   PCIDeviceNo   <integer> = 0x000000000000000d (13)
00:00:08.250960   PCIFunctionNo <integer> = 0x0000000000000000 (0)
00:00:08.250961   Trusted       <integer> = 0x0000000000000001 (1)
00:00:08.250961 
00:00:08.250961 [/Devices/ahci/0/Config/] (level 4)
00:00:08.250962   Bootable  <integer> = 0x0000000000000001 (1)
00:00:08.250963   PortCount <integer> = 0x0000000000000001 (1)
00:00:08.250964 
00:00:08.250964 [/Devices/ahci/0/Config/Port0/] (level 5)
00:00:08.250965   Hotpluggable <integer> = 0x0000000000000000 (0)
00:00:08.250965 
00:00:08.250966 [/Devices/ahci/0/LUN#0/] (level 4)
00:00:08.250967   Driver <string>  = "VD" (cb=3)
00:00:08.250968 
00:00:08.250968 [/Devices/ahci/0/LUN#0/Config/] (level 5)
00:00:08.250969   BlockCache <integer> = 0x0000000000000001 (1)
00:00:08.250970   Format     <string>  = "VDI" (cb=4)
00:00:08.250970   Mountable  <integer> = 0x0000000000000000 (0)
00:00:08.250971   Path       <string>  = "C:\Users\HP\VirtualBox VMs\redhat server\redhat server.vdi" (cb=59)
00:00:08.250972   Type       <string>  = "HardDisk" (cb=9)
00:00:08.250972   UseNewIo   <integer> = 0x0000000000000001 (1)
00:00:08.250973 
00:00:08.250973 [/Devices/ahci/0/LUN#0/Config/Plugins/] (level 6)
00:00:08.250975 
00:00:08.250975 [/Devices/ahci/0/LUN#0/Config/Plugins/VDPluginCrypt/] (level 7)
00:00:08.250976   Path <string>  = "C:\Program Files\Oracle\VirtualBox\ExtensionPacks\Oracle_VM_VirtualBox_Extension_Pack\win.amd64\VDPluginCrypt.DLL" (cb=114)
00:00:08.250977 
00:00:08.250977 [/Devices/ahci/0/LUN#999/] (level 4)
00:00:08.250978   Driver <string>  = "MainStatus" (cb=11)
00:00:08.250979 
00:00:08.250979 [/Devices/ahci/0/LUN#999/Config/] (level 5)
00:00:08.250980   DeviceInstance        <string>  = "ahci/0" (cb=7)
00:00:08.250981   First                 <integer> = 0x0000000000000000 (0)
00:00:08.250982   Last                  <integer> = 0x0000000000000000 (0)
00:00:08.250982   pConsole              <integer> = 0x00000000018b0710 (25 888 528)
00:00:08.250983   papLeds               <integer> = 0x00000000018b0b18 (25 889 560)
00:00:08.250984   pmapMediumAttachments <integer> = 0x00000000018b0f38 (25 890 616)
00:00:08.250985 
00:00:08.250985 [/Devices/apic/] (level 2)
00:00:08.250986 
00:00:08.250986 [/Devices/apic/0/] (level 3)
00:00:08.250987   Trusted <integer> = 0x0000000000000001 (1)
00:00:08.250988 
00:00:08.250988 [/Devices/apic/0/Config/] (level 4)
00:00:08.250989   IOAPIC  <integer> = 0x0000000000000000 (0)
00:00:08.250990   Mode    <integer> = 0x0000000000000003 (3)
00:00:08.250990   NumCPUs <integer> = 0x0000000000000001 (1)
00:00:08.250991 
00:00:08.250991 [/Devices/e1000/] (level 2)
00:00:08.250991 
00:00:08.250992 [/Devices/e1000/0/] (level 3)
00:00:08.250993   PCIBusNo      <integer> = 0x0000000000000000 (0)
00:00:08.250993   PCIDeviceNo   <integer> = 0x0000000000000003 (3)
00:00:08.250994   PCIFunctionNo <integer> = 0x0000000000000000 (0)
00:00:08.250994   Trusted       <integer> = 0x0000000000000001 (1)
00:00:08.250995 
00:00:08.250995 [/Devices/e1000/0/Config/] (level 4)
00:00:08.250996   AdapterType    <integer> = 0x0000000000000000 (0)
00:00:08.250997   CableConnected <integer> = 0x0000000000000001 (1)
00:00:08.250997   LineSpeed      <integer> = 0x0000000000000000 (0)
00:00:08.250998   MAC            <bytes>   = "08 00 27 68 6c 8a" (cb=6)
00:00:08.250999 
00:00:08.250999 [/Devices/e1000/0/LUN#0/] (level 4)
00:00:08.251000   Driver <string>  = "IntNet" (cb=7)
00:00:08.251001 
00:00:08.251001 [/Devices/e1000/0/LUN#0/Config/] (level 5)
00:00:08.251002   IfPolicyPromisc      <string>  = "deny" (cb=5)
00:00:08.251003   IgnoreConnectFailure <integer> = 0x0000000000000000 (0)
00:00:08.251004   Network              <string>  = "HostInterfaceNetworking-Intel(R) Dual Band Wireless-N 7260" (cb=59)
00:00:08.251005   SharedMacOnWire      <integer> = 0x0000000000000001 (1)
00:00:08.251005   Trunk                <string>  = "\DEVICE\{41ACF4F7-8E49-4563-9CAB-C644785EA18A}" (cb=47)
00:00:08.251006   TrunkType            <integer> = 0x0000000000000003 (3)
00:00:08.251007 
00:00:08.251007 [/Devices/e1000/0/LUN#999/] (level 4)
00:00:08.251008   Driver <string>  = "MainStatus" (cb=11)
00:00:08.251008 
00:00:08.251008 [/Devices/e1000/0/LUN#999/Config/] (level 5)
00:00:08.251010   First   <integer> = 0x0000000000000000 (0)
00:00:08.251010   Last    <integer> = 0x0000000000000000 (0)
00:00:08.251011   papLeds <integer> = 0x00000000018b0df8 (25 890 296)
00:00:08.251011 
00:00:08.251012 [/Devices/i8254/] (level 2)
00:00:08.251012 
00:00:08.251013 [/Devices/i8254/0/] (level 3)
00:00:08.251013 
00:00:08.251014 [/Devices/i8254/0/Config/] (level 4)
00:00:08.251014 
00:00:08.251015 [/Devices/i8259/] (level 2)
00:00:08.251015 
00:00:08.251016 [/Devices/i8259/0/] (level 3)
00:00:08.251016   Trusted <integer> = 0x0000000000000001 (1)
00:00:08.251017 
00:00:08.251017 [/Devices/i8259/0/Config/] (level 4)
00:00:08.251018 
00:00:08.251018 [/Devices/ichac97/] (level 2)
00:00:08.251019 
00:00:08.251019 [/Devices/ichac97/0/] (level 3)
00:00:08.251020   PCIBusNo      <integer> = 0x0000000000000000 (0)
00:00:08.251021   PCIDeviceNo   <integer> = 0x0000000000000005 (5)
00:00:08.251021   PCIFunctionNo <integer> = 0x0000000000000000 (0)
00:00:08.251022   Trusted       <integer> = 0x0000000000000001 (1)
00:00:08.251022 
00:00:08.251022 [/Devices/ichac97/0/AudioConfig/] (level 4)
00:00:08.251023 
00:00:08.251024 [/Devices/ichac97/0/Config/] (level 4)
00:00:08.251025   Codec        <string>  = "AD1980" (cb=7)
00:00:08.251025   DebugEnabled <integer> = 0x0000000000000000 (0)
00:00:08.251026   DebugPathOut <string>  = "" (cb=1)
00:00:08.251026 
00:00:08.251027 [/Devices/ichac97/0/LUN#0/] (level 4)
00:00:08.251027   Driver <string>  = "AUDIO" (cb=6)
00:00:08.251028 
00:00:08.251028 [/Devices/ichac97/0/LUN#0/AttachedDriver/] (level 5)
00:00:08.251029   Driver <string>  = "DSoundAudio" (cb=12)
00:00:08.251030 
00:00:08.251030 [/Devices/ichac97/0/LUN#0/AttachedDriver/Config/] (level 6)
00:00:08.251031   StreamName <string>  = "redhat server" (cb=14)
00:00:08.251032 
00:00:08.251032 [/Devices/ichac97/0/LUN#0/Config/] (level 5)
00:00:08.251033   BufferSizeMs    <integer> = 0x0000000000000000 (0)
00:00:08.251034   DriverName      <string>  = "DSoundAudio" (cb=12)
00:00:08.251034   InputEnabled    <integer> = 0x0000000000000000 (0)
00:00:08.251035   OutputEnabled   <integer> = 0x0000000000000001 (1)
00:00:08.251035   PeriodSizeMs    <integer> = 0x0000000000000000 (0)
00:00:08.251036   PreBufferSizeMs <integer> = 0x00000000ffffffff (4 294 967 295)
00:00:08.251037 
00:00:08.251037 [/Devices/ichac97/0/LUN#1/] (level 4)
00:00:08.251038   Driver <string>  = "AUDIO" (cb=6)
00:00:08.251038 
00:00:08.251039 [/Devices/ichac97/0/LUN#2/] (level 4)
00:00:08.251039   Driver <string>  = "AUDIO" (cb=6)
00:00:08.251040 
00:00:08.251040 [/Devices/mc146818/] (level 2)
00:00:08.251041 
00:00:08.251041 [/Devices/mc146818/0/] (level 3)
00:00:08.251042 
00:00:08.251042 [/Devices/mc146818/0/Config/] (level 4)
00:00:08.251043   UseUTC <integer> = 0x0000000000000001 (1)
00:00:08.251043 
00:00:08.251043 [/Devices/parallel/] (level 2)
00:00:08.251044 
00:00:08.251044 [/Devices/pcarch/] (level 2)
00:00:08.251045 
00:00:08.251045 [/Devices/pcarch/0/] (level 3)
00:00:08.251046   Trusted <integer> = 0x0000000000000001 (1)
00:00:08.251047 
00:00:08.251047 [/Devices/pcarch/0/Config/] (level 4)
00:00:08.251048 
00:00:08.251048 [/Devices/pcbios/] (level 2)
00:00:08.251048 
00:00:08.251049 [/Devices/pcbios/0/] (level 3)
00:00:08.251049   Trusted <integer> = 0x0000000000000001 (1)
00:00:08.251050 
00:00:08.251050 [/Devices/pcbios/0/Config/] (level 4)
00:00:08.251052   APIC               <integer> = 0x0000000000000001 (1)
00:00:08.251052   BootDevice0        <string>  = "FLOPPY" (cb=7)
00:00:08.251053   BootDevice1        <string>  = "DVD" (cb=4)
00:00:08.251054   BootDevice2        <string>  = "IDE" (cb=4)
00:00:08.251054   BootDevice3        <string>  = "NONE" (cb=5)
00:00:08.251055   FloppyDevice       <string>  = "i82078" (cb=7)
00:00:08.251056   HardDiskDevice     <string>  = "piix3ide" (cb=9)
00:00:08.251056   IOAPIC             <integer> = 0x0000000000000000 (0)
00:00:08.251057   LanBootRom         <string>  = "C:\Program Files\Oracle\VirtualBox\ExtensionPacks\Oracle_VM_VirtualBox_Extension_Pack\PXE-Intel.rom" (cb=100)
00:00:08.251058   McfgBase           <integer> = 0x0000000000000000 (0)
00:00:08.251058   McfgLength         <integer> = 0x0000000000000000 (0)
00:00:08.251059   NumCPUs            <integer> = 0x0000000000000001 (1)
00:00:08.251060   PXEDebug           <integer> = 0x0000000000000000 (0)
00:00:08.251060   SataHardDiskDevice <string>  = "ahci" (cb=5)
00:00:08.251061   SataLUN1           <integer> = 0x0000000000000000 (0)
00:00:08.251062   UUID               <bytes>   = "36 c3 f7 b4 24 49 3f 41 86 13 83 1e 2b e3 d1 c3" (cb=16)
00:00:08.251064 
00:00:08.251064 [/Devices/pcbios/0/Config/NetBoot/] (level 5)
00:00:08.251065 
00:00:08.251065 [/Devices/pcbios/0/Config/NetBoot/0/] (level 6)
00:00:08.251066   NIC           <integer> = 0x0000000000000000 (0)
00:00:08.251067   PCIBusNo      <integer> = 0x0000000000000000 (0)
00:00:08.251067   PCIDeviceNo   <integer> = 0x0000000000000003 (3)
00:00:08.251068   PCIFunctionNo <integer> = 0x0000000000000000 (0)
00:00:08.251069 
00:00:08.251069 [/Devices/pci/] (level 2)
00:00:08.251069 
00:00:08.251070 [/Devices/pci/0/] (level 3)
00:00:08.251070   Trusted <integer> = 0x0000000000000001 (1)
00:00:08.251071 
00:00:08.251071 [/Devices/pci/0/Config/] (level 4)
00:00:08.251072   IOAPIC <integer> = 0x0000000000000000 (0)
00:00:08.251073 
00:00:08.251073 [/Devices/pcibridge/] (level 2)
00:00:08.251074 
00:00:08.251074 [/Devices/pckbd/] (level 2)
00:00:08.251075 
00:00:08.251075 [/Devices/pckbd/0/] (level 3)
00:00:08.251076   Trusted <integer> = 0x0000000000000001 (1)
00:00:08.251076 
00:00:08.251076 [/Devices/pckbd/0/Config/] (level 4)
00:00:08.251077 
00:00:08.251077 [/Devices/pckbd/0/LUN#0/] (level 4)
00:00:08.251078   Driver <string>  = "KeyboardQueue" (cb=14)
00:00:08.251079 
00:00:08.251079 [/Devices/pckbd/0/LUN#0/AttachedDriver/] (level 5)
00:00:08.251080   Driver <string>  = "MainKeyboard" (cb=13)
00:00:08.251080 
00:00:08.251081 [/Devices/pckbd/0/LUN#0/AttachedDriver/Config/] (level 6)
00:00:08.251082   Object <integer> = 0x00000000017d9220 (25 006 624)
00:00:08.251083 
00:00:08.251083 [/Devices/pckbd/0/LUN#0/Config/] (level 5)
00:00:08.251084   QueueSize <integer> = 0x0000000000000040 (64)
00:00:08.251084 
00:00:08.251085 [/Devices/pckbd/0/LUN#1/] (level 4)
00:00:08.251086   Driver <string>  = "MouseQueue" (cb=11)
00:00:08.251086 
00:00:08.251086 [/Devices/pckbd/0/LUN#1/AttachedDriver/] (level 5)
00:00:08.251087   Driver <string>  = "MainMouse" (cb=10)
00:00:08.251088 
00:00:08.251088 [/Devices/pckbd/0/LUN#1/AttachedDriver/Config/] (level 6)
00:00:08.251089   Object <integer> = 0x00000000018131b0 (25 244 080)
00:00:08.251090 
00:00:08.251090 [/Devices/pckbd/0/LUN#1/Config/] (level 5)
00:00:08.251091   QueueSize <integer> = 0x0000000000000080 (128)
00:00:08.251092 
00:00:08.251092 [/Devices/pcnet/] (level 2)
00:00:08.251093 
00:00:08.251093 [/Devices/piix3ide/] (level 2)
00:00:08.251094 
00:00:08.251094 [/Devices/piix3ide/0/] (level 3)
00:00:08.251095   PCIBusNo      <integer> = 0x0000000000000000 (0)
00:00:08.251096   PCIDeviceNo   <integer> = 0x0000000000000001 (1)
00:00:08.251096   PCIFunctionNo <integer> = 0x0000000000000001 (1)
00:00:08.251097   Trusted       <integer> = 0x0000000000000001 (1)
00:00:08.251097 
00:00:08.251098 [/Devices/piix3ide/0/Config/] (level 4)
00:00:08.251099   Type <string>  = "PIIX4" (cb=6)
00:00:08.251099 
00:00:08.251099 [/Devices/piix3ide/0/LUN#2/] (level 4)
00:00:08.251101   Driver <string>  = "VD" (cb=3)
00:00:08.251101 
00:00:08.251101 [/Devices/piix3ide/0/LUN#2/Config/] (level 5)
00:00:08.251102   EmptyDrive <integer> = 0x0000000000000001 (1)
00:00:08.251103   Mountable  <integer> = 0x0000000000000001 (1)
00:00:08.251103   Type       <string>  = "DVD" (cb=4)
00:00:08.251104 
00:00:08.251104 [/Devices/piix3ide/0/LUN#999/] (level 4)
00:00:08.251105   Driver <string>  = "MainStatus" (cb=11)
00:00:08.251106 
00:00:08.251106 [/Devices/piix3ide/0/LUN#999/Config/] (level 5)
00:00:08.251107   DeviceInstance        <string>  = "piix3ide/0" (cb=11)
00:00:08.251107   First                 <integer> = 0x0000000000000000 (0)
00:00:08.251108   Last                  <integer> = 0x0000000000000003 (3)
00:00:08.251109   pConsole              <integer> = 0x00000000018b0710 (25 888 528)
00:00:08.251110   papLeds               <integer> = 0x00000000018b0af8 (25 889 528)
00:00:08.251111   pmapMediumAttachments <integer> = 0x00000000018b0f38 (25 890 616)
00:00:08.251112 
00:00:08.251112 [/Devices/serial/] (level 2)
00:00:08.251112 
00:00:08.251113 [/Devices/usb-ohci/] (level 2)
00:00:08.251113 
00:00:08.251114 [/Devices/usb-ohci/0/] (level 3)
00:00:08.251115   PCIBusNo      <integer> = 0x0000000000000000 (0)
00:00:08.251115   PCIDeviceNo   <integer> = 0x0000000000000006 (6)
00:00:08.251116   PCIFunctionNo <integer> = 0x0000000000000000 (0)
00:00:08.251116   Trusted       <integer> = 0x0000000000000001 (1)
00:00:08.251117 
00:00:08.251117 [/Devices/usb-ohci/0/Config/] (level 4)
00:00:08.251118 
00:00:08.251118 [/Devices/usb-ohci/0/LUN#0/] (level 4)
00:00:08.251119   Driver <string>  = "VUSBRootHub" (cb=12)
00:00:08.251119 
00:00:08.251120 [/Devices/usb-ohci/0/LUN#0/Config/] (level 5)
00:00:08.251120 
00:00:08.251121 [/Devices/usb-ohci/0/LUN#999/] (level 4)
00:00:08.251121   Driver <string>  = "MainStatus" (cb=11)
00:00:08.251122 
00:00:08.251122 [/Devices/usb-ohci/0/LUN#999/Config/] (level 5)
00:00:08.251123   First   <integer> = 0x0000000000000000 (0)
00:00:08.251124   Last    <integer> = 0x0000000000000000 (0)
00:00:08.251124   papLeds <integer> = 0x00000000018b0f20 (25 890 592)
00:00:08.251125 
00:00:08.251125 [/Devices/vga/] (level 2)
00:00:08.251126 
00:00:08.251126 [/Devices/vga/0/] (level 3)
00:00:08.251127   PCIBusNo      <integer> = 0x0000000000000000 (0)
00:00:08.251127   PCIDeviceNo   <integer> = 0x0000000000000002 (2)
00:00:08.251128   PCIFunctionNo <integer> = 0x0000000000000000 (0)
00:00:08.251129   Trusted       <integer> = 0x0000000000000001 (1)
00:00:08.251129 
00:00:08.251129 [/Devices/vga/0/Config/] (level 4)
00:00:08.251131   3DEnabled          <integer> = 0x0000000000000000 (0)
00:00:08.251131   CustomVideoModes   <integer> = 0x0000000000000000 (0)
00:00:08.251132   FadeIn             <integer> = 0x0000000000000001 (1)
00:00:08.251132   FadeOut            <integer> = 0x0000000000000001 (1)
00:00:08.251133   HeightReduction    <integer> = 0x0000000000000000 (0)
00:00:08.251134   LogoFile           <string>  = "" (cb=1)
00:00:08.251134   LogoTime           <integer> = 0x0000000000000000 (0)
00:00:08.251135   MonitorCount       <integer> = 0x0000000000000001 (1)
00:00:08.251136   ShowBootMenu       <integer> = 0x0000000000000002 (2)
00:00:08.251136   VMSVGA3dEnabled    <integer> = 0x0000000000000000 (0)
00:00:08.251137   VMSVGAEnabled      <integer> = 0x0000000000000001 (1)
00:00:08.251137   VMSVGAPciBarLayout <integer> = 0x0000000000000001 (1)
00:00:08.251138   VMSVGAPciId        <integer> = 0x0000000000000001 (1)
00:00:08.251138   VRamSize           <integer> = 0x0000000001000000 (16 777 216, 16 MB)
00:00:08.251139 
00:00:08.251140 [/Devices/vga/0/LUN#0/] (level 4)
00:00:08.251140   Driver <string>  = "MainDisplay" (cb=12)
00:00:08.251141 
00:00:08.251141 [/Devices/vga/0/LUN#0/Config/] (level 5)
00:00:08.251142   Object <integer> = 0x00000000018f3880 (26 163 328)
00:00:08.251143 
00:00:08.251143 [/Devices/vga/0/LUN#999/] (level 4)
00:00:08.251144   Driver <string>  = "MainStatus" (cb=11)
00:00:08.251144 
00:00:08.251145 [/Devices/vga/0/LUN#999/Config/] (level 5)
00:00:08.251146   First   <integer> = 0x0000000000000000 (0)
00:00:08.251146   Last    <integer> = 0x0000000000000000 (0)
00:00:08.251147   papLeds <integer> = 0x00000000018b0f30 (25 890 608)
00:00:08.251147 
00:00:08.251148 [/Devices/virtio-net/] (level 2)
00:00:08.251148 
00:00:08.251148 [/EM/] (level 1)
00:00:08.251149   TripleFaultReset <integer> = 0x0000000000000000 (0)
00:00:08.251150 
00:00:08.251150 [/GIM/] (level 1)
00:00:08.251150   Provider <string>  = "KVM" (cb=4)
00:00:08.251151 
00:00:08.251151 [/HM/] (level 1)
00:00:08.251152   64bitEnabled            <integer> = 0x0000000000000000 (0)
00:00:08.251153   EnableLargePages        <integer> = 0x0000000000000001 (1)
00:00:08.251154   EnableNestedPaging      <integer> = 0x0000000000000001 (1)
00:00:08.251154   EnableUX                <integer> = 0x0000000000000001 (1)
00:00:08.251155   EnableVPID              <integer> = 0x0000000000000001 (1)
00:00:08.251156   Exclusive               <integer> = 0x0000000000000000 (0)
00:00:08.251156   HMForced                <integer> = 0x0000000000000000 (0)
00:00:08.251157   IBPBOnVMEntry           <integer> = 0x0000000000000000 (0)
00:00:08.251157   IBPBOnVMExit            <integer> = 0x0000000000000000 (0)
00:00:08.251158   L1DFlushOnSched         <integer> = 0x0000000000000001 (1)
00:00:08.251159   L1DFlushOnVMEntry       <integer> = 0x0000000000000000 (0)
00:00:08.251159   LovelyMesaDrvWorkaround <integer> = 0x0000000000000001 (1)
00:00:08.251160   MDSClearOnSched         <integer> = 0x0000000000000001 (1)
00:00:08.251161   MDSClearOnVMEntry       <integer> = 0x0000000000000000 (0)
00:00:08.251161   SpecCtrlByHost          <integer> = 0x0000000000000000 (0)
00:00:08.251162   UseNEMInstead           <integer> = 0x0000000000000000 (0)
00:00:08.251162 
00:00:08.251163 [/MM/] (level 1)
00:00:08.251163   CanUseLargerHeap <integer> = 0x0000000000000000 (0)
00:00:08.251164 
00:00:08.251164 [/NEM/] (level 1)
00:00:08.251165   Allow64BitGuests <integer> = 0x0000000000000000 (0)
00:00:08.251165 
00:00:08.251165 [/PDM/] (level 1)
00:00:08.251166 
00:00:08.251166 [/PDM/AsyncCompletion/] (level 2)
00:00:08.251167 
00:00:08.251167 [/PDM/AsyncCompletion/File/] (level 3)
00:00:08.251168 
00:00:08.251168 [/PDM/AsyncCompletion/File/BwGroups/] (level 4)
00:00:08.251169 
00:00:08.251169 [/PDM/BlkCache/] (level 2)
00:00:08.251170   CacheSize <integer> = 0x0000000000500000 (5 242 880, 5 MB)
00:00:08.251171 
00:00:08.251171 [/PDM/Devices/] (level 2)
00:00:08.251172 
00:00:08.251172 [/PDM/Devices/VBoxEhci/] (level 3)
00:00:08.251173   Path         <string>  = "C:\Program Files\Oracle\VirtualBox\ExtensionPacks\Oracle_VM_VirtualBox_Extension_Pack\win.amd64\VBoxEhciR3.DLL" (cb=111)
00:00:08.251174   R0SearchPath <string>  = "C:\Program Files\Oracle\VirtualBox\ExtensionPacks\Oracle_VM_VirtualBox_Extension_Pack\win.amd64" (cb=96)
00:00:08.251174   RCSearchPath <string>  = "C:\Program Files\Oracle\VirtualBox\ExtensionPacks\Oracle_VM_VirtualBox_Extension_Pack\win.amd64" (cb=96)
00:00:08.251175 
00:00:08.251175 [/PDM/Devices/VBoxNvme/] (level 3)
00:00:08.251176   Path         <string>  = "C:\Program Files\Oracle\VirtualBox\ExtensionPacks\Oracle_VM_VirtualBox_Extension_Pack\win.amd64\VBoxNvmeR3.DLL" (cb=111)
00:00:08.251177   R0SearchPath <string>  = "C:\Program Files\Oracle\VirtualBox\ExtensionPacks\Oracle_VM_VirtualBox_Extension_Pack\win.amd64" (cb=96)
00:00:08.251178   RCSearchPath <string>  = "C:\Program Files\Oracle\VirtualBox\ExtensionPacks\Oracle_VM_VirtualBox_Extension_Pack\win.amd64" (cb=96)
00:00:08.251179 
00:00:08.251179 [/PDM/Drivers/] (level 2)
00:00:08.251180 
00:00:08.251180 [/PDM/Drivers/DrvHostWebcam/] (level 3)
00:00:08.251180   Path <string>  = "C:\Program Files\Oracle\VirtualBox\ExtensionPacks\Oracle_VM_VirtualBox_Extension_Pack\win.amd64\VBoxHostWebcam.DLL" (cb=115)
00:00:08.251181 
00:00:08.251181 [/PDM/Drivers/VBoxC/] (level 3)
00:00:08.251182   Path <string>  = "VBoxC" (cb=6)
00:00:08.251183 
00:00:08.251183 [/PDM/NetworkShaper/] (level 2)
00:00:08.251183 
00:00:08.251184 [/PDM/NetworkShaper/BwGroups/] (level 3)
00:00:08.251184 
00:00:08.251185 [/PDM/USB/] (level 2)
00:00:08.251185 
00:00:08.251185 [/PDM/USB/VBoxUsbCardReader/] (level 3)
00:00:08.251186   Path <string>  = "C:\Program Files\Oracle\VirtualBox\ExtensionPacks\Oracle_VM_VirtualBox_Extension_Pack\win.amd64\VBoxUsbCardReaderR3.DLL" (cb=120)
00:00:08.251187 
00:00:08.251187 [/PDM/USB/VBoxUsbWebcam/] (level 3)
00:00:08.251188   Path <string>  = "C:\Program Files\Oracle\VirtualBox\ExtensionPacks\Oracle_VM_VirtualBox_Extension_Pack\win.amd64\VBoxUsbWebcamR3.DLL" (cb=116)
00:00:08.251189 
00:00:08.251189 [/TM/] (level 1)
00:00:08.251189   UTCOffset <integer> = 0x0000000000000000 (0)
00:00:08.251190 
00:00:08.251190 [/USB/] (level 1)
00:00:08.251191 
00:00:08.251191 [/USB/USBProxy/] (level 2)
00:00:08.251192 
00:00:08.251192 [/USB/USBProxy/GlobalConfig/] (level 3)
00:00:08.251193 
00:00:08.251193 ********************* End of CFGM dump **********************
00:00:08.251214 VM: fHMEnabled=true  (configured) fRecompileUser=false fRecompileSupervisor=false
00:00:08.251216 VM: fRawRing1Enabled=false CSAM=true  PATM=true 
00:00:08.251571 HM: HMR3Init: VT-x w/ nested paging and unrestricted guest execution hw support
00:00:08.251697 MM: cbHyperHeap=0x100000 (1048576)
00:00:08.254180 CPUM: fXStateHostMask=0x7; initial: 0x7; host XCR0=0x7
00:00:08.255408 CPUM: Matched host CPU INTEL 0x6/0x45/0x1 Intel_Core7_Haswell with CPU DB entry 'Intel Core i7-5600U' (INTEL 0x6/0x3d/0x4 Intel_Core7_Broadwell)
00:00:08.255539 CPUM: MXCSR_MASK=0xffff (host: 0xffff)
00:00:08.255589 CPUM: Microcode revision 0x00000026
00:00:08.255638 CPUM: MSR/CPUID reconciliation insert: 0x0000010b IA32_FLUSH_CMD
00:00:08.255680 CPUM: SetGuestCpuIdFeature: Enabled PAE
00:00:08.257291 PGM: HCPhysInterPD=00000000a8258000 HCPhysInterPaePDPT=00000000a825b000 HCPhysInterPaePML4=00000000a825d000
00:00:08.257302 PGM: apInterPTs={00000000a8259000,00000000a825a000} apInterPaePTs={000000024992b000,00000002498b7000} apInterPaePDs={000000024994d000,000000024982f000,000000021ef78000,0000000232379000} pInterPaePDPT64=00000000a825c000
00:00:08.257308 PGM: Host paging mode: AMD64+NX
00:00:08.257341 PGM: PGMPool: cMaxPages=288 (u64MaxPages=288)
00:00:08.257360 PGM: pgmR3PoolInit: cMaxPages=0x120 cMaxUsers=0x240 cMaxPhysExts=0x240 fCacheEnable=true 
00:00:08.267880 TM: GIP - u32Mode=3 (Invariant) u32UpdateHz=93 u32UpdateIntervalNS=10739300 enmUseTscDelta=2 (Practically Zero) fGetGipCpu=0xb cCpus=4
00:00:08.267903 TM: GIP - u64CpuHz=2 693 766 920 (0xa08f9f08)  SUPGetCpuHzFromGip => 2 693 766 920
00:00:08.267909 TM: GIP - CPU: iCpuSet=0x0 idCpu=0x0 idApic=0x0 iGipCpu=0x0 i64TSCDelta=0 enmState=3 u64CpuHz=2693766920(*) cErrors=0
00:00:08.267914 TM: GIP - CPU: iCpuSet=0x1 idCpu=0x1 idApic=0x1 iGipCpu=0x2 i64TSCDelta=0 enmState=3 u64CpuHz=2693761751(*) cErrors=0
00:00:08.267918 TM: GIP - CPU: iCpuSet=0x2 idCpu=0x2 idApic=0x2 iGipCpu=0x1 i64TSCDelta=0 enmState=3 u64CpuHz=2693769396(*) cErrors=0
00:00:08.267922 TM: GIP - CPU: iCpuSet=0x3 idCpu=0x3 idApic=0x3 iGipCpu=0x3 i64TSCDelta=0 enmState=3 u64CpuHz=2693766279(*) cErrors=0
00:00:08.268017 TM: cTSCTicksPerSecond=2 693 766 920 (0xa08f9f08) enmTSCMode=3 (Dynamic)
00:00:08.268019 TM: TSCTiedToExecution=false TSCNotTiedToHalt=false
00:00:08.269060 VMM: CoreCode: R3=000000000a230000 R0=XXXXXXXXXXXXXXXX RC=a035b000 Phys=00000000a8153000 cb=0x1000
00:00:08.269612 EMR3Init: fRecompileUser=false fRecompileSupervisor=false fRawRing1Enabled=false fIemExecutesAll=false fGuruOnTripleFault=true 
00:00:08.269872 IEM: TargetCpu=CURRENT, Microarch=Intel_Core7_Haswell
00:00:08.270102 GIM: Using provider 'KVM' (Implementation version: 0)
00:00:08.270124 CPUM: SetGuestCpuIdFeature: Enabled Hypervisor Present bit
00:00:08.270315 AIOMgr: Default manager type is 'Async'
00:00:08.270347 AIOMgr: Default file backend is 'NonBuffered'
00:00:08.270654 BlkCache: Cache successfully initialized. Cache size is 5242880 bytes
00:00:08.270663 BlkCache: Cache commit interval is 10000 ms
00:00:08.270667 BlkCache: Cache commit threshold is 2621440 bytes
00:00:09.010749 PcBios: [SMP] BIOS with 1 CPUs
00:00:09.010977 PcBios: Using the 386+ BIOS image.
00:00:09.040252 PcBios: Using LAN ROM 'C:\Program Files\Oracle\VirtualBox\ExtensionPacks\Oracle_VM_VirtualBox_Extension_Pack\PXE-Intel.rom' with a size of 0xc000 bytes
00:00:09.040642 PcBios: fCheckShutdownStatusForSoftReset=true   fClearShutdownStatusOnHardReset=true 
00:00:09.082550 SUP: Loaded VBoxDDR0.r0 (C:\Program Files\Oracle\VirtualBox\VBoxDDR0.r0) at 0xXXXXXXXXXXXXXXXX - ModuleInit at XXXXXXXXXXXXXXXX and ModuleTerm at XXXXXXXXXXXXXXXX using the native ring-0 loader
00:00:09.082653 SUP: windbg> .reload /f C:\Program Files\Oracle\VirtualBox\VBoxDDR0.r0=0xXXXXXXXXXXXXXXXX
00:00:09.083771 CPUM: SetGuestCpuIdFeature: Enabled xAPIC
00:00:09.083790 CPUM: SetGuestCpuIdFeature: Enabled x2APIC
00:00:09.084860 PIT: mode=3 count=0x10000 (65536) - 18.20 Hz (ch=0)
00:00:09.148965 Shared Folders service loaded
00:00:09.208198 Guest Control service loaded
00:00:09.287521 VGA: Using the 386+ BIOS image.
00:00:09.301880 VD: VDInit finished with VINF_SUCCESS
00:00:09.329385 DrvVD: Flushes will be ignored
00:00:09.329395 DrvVD: Async flushes will be passed to the disk
00:00:09.331440 AIOMgr: Endpoint for file 'C:\Users\HP\VirtualBox VMs\redhat server\redhat server.vdi' (flags 000c0723) created successfully
00:00:09.358803 VD: Opening the disk took 27938682 ns
00:00:09.359240 AHCI: LUN#0: disk, PCHS=16383/16/63, total number of sectors 41943040
00:00:09.359947 AHCI#0: Reset the HBA
00:00:09.359975 VD#0: Cancelling all active requests
00:00:09.360801 PIIX3 ATA: LUN#0: no unit
00:00:09.360831 PIIX3 ATA: LUN#1: no unit
00:00:09.361104 DrvVD: Flushes will be ignored
00:00:09.361146 DrvVD: Async flushes will be passed to the disk
00:00:09.362085 PIIX3 ATA: LUN#2: CD/DVD, total number of sectors 0, passthrough disabled
00:00:09.362582 PIIX3 ATA: LUN#3: no unit
00:00:09.362713 PIIX3 ATA: Ctl#0: finished processing RESET
00:00:09.362758 PIIX3 ATA: Ctl#1: finished processing RESET
00:00:09.363054 E1000#0: Chip=82540EM LinkUpDelay=3000ms EthernetCRC=on GSO=enabled Itr=disabled ItrRx=enabled TID=disabled R0=enabled GC=enabled
00:00:09.363628 IntNet#0: szNetwork={HostInterfaceNetworking-Intel(R) Dual Band Wireless-N 7260} enmTrunkType=3 szTrunk={\DEVICE\{41ACF4F7-8E49-4563-9CAB-C644785EA18A}} fFlags=0x8001 cbRecv=325632 cbSend=196608 fIgnoreConnectFailure=false
00:00:09.365699 AC97: Using codec 'AD1980'
00:00:09.366024 Audio: Initializing DirectSound audio driver
00:00:09.935627 Audio: Found 4 devices for driver 'DSoundAudio'
00:00:09.935645 Audio: Device 'Primary Sound Driver':
00:00:09.935649 Audio: 	Usage           = Output
00:00:09.935652 Audio: 	Flags           = DEFAULT
00:00:09.935656 Audio: 	Input channels  = 0
00:00:09.935659 Audio: 	Output channels = 2
00:00:09.935663 Audio: Device 'Speakers/Headphones (Realtek High Definition Audio)':
00:00:09.935667 Audio: 	Usage           = Output
00:00:09.935670 Audio: 	Flags           = NONE
00:00:09.935673 Audio: 	Input channels  = 0
00:00:09.935676 Audio: 	Output channels = 2
00:00:09.935680 Audio: Device 'Primary Sound Capture Driver':
00:00:09.935683 Audio: 	Usage           = Input
00:00:09.935687 Audio: 	Flags           = NONE
00:00:09.935690 Audio: 	Input channels  = 2
00:00:09.935693 Audio: 	Output channels = 0
00:00:09.935696 Audio: Device 'Microphone (Realtek High Definition Audio)':
00:00:09.935700 Audio: 	Usage           = Input
00:00:09.935703 Audio: 	Flags           = NONE
00:00:09.935706 Audio: 	Input channels  = 2
00:00:09.935709 Audio: 	Output channels = 0
00:00:09.935792 AC97: Reset
00:00:09.935825 AC97: Mixer reset (EAID=0x809, EACS=0x9)
00:00:09.935829 AC97: Record select to left=Microphone In, right=Microphone In
00:00:09.936392 PGM: The CPU physical address width is 39 bits
00:00:09.936401 PGM: PGMR3InitFinalize: 4 MB PSE mask 0000007fffffffff
00:00:09.936619 TM: TMR3InitFinalize: fTSCModeSwitchAllowed=true 
00:00:09.939478 VMM: Thread-context hooks unavailable
00:00:09.939496 VMM: RTThreadPreemptIsPending() can be trusted
00:00:09.939500 VMM: Kernel preemption is possible
00:00:09.942573 HM: fWorldSwitcher=0x0 (fIbpbOnVmExit=false fIbpbOnVmEntry=false fL1dFlushOnVmEntry=false); fL1dFlushOnSched=true  fMdsClearOnVmEntry=false
00:00:09.942582 HM: Using VT-x implementation 2.0
00:00:09.942598 HM: Max resume loops                  = 8192
00:00:09.942599 HM: Host CR4                          = 0x170678
00:00:09.942600 HM: Host EFER                         = 0xd01
00:00:09.942601 HM: MSR_IA32_SMM_MONITOR_CTL          = 0x0
00:00:09.942601 HM: MSR_IA32_FEATURE_CONTROL          = 0x5
00:00:09.942602 HM:   LOCK
00:00:09.942602 HM:   VMXON
00:00:09.942602 HM: MSR_IA32_VMX_BASIC                = 0xda040000000012
00:00:09.942603 HM:   VMCS id                           = 0x12
00:00:09.942604 HM:   VMCS size                         = 1024 bytes
00:00:09.942604 HM:   VMCS physical address limit       = None
00:00:09.942605 HM:   VMCS memory type                  = Write Back (WB)
00:00:09.942605 HM:   Dual-monitor treatment support    = true 
00:00:09.942606 HM:   OUTS & INS instruction-info       = true 
00:00:09.942606 HM:   Supports true capability MSRs     = true 
00:00:09.942607 HM: MSR_IA32_VMX_PINBASED_CTLS        = 0x7f00000016
00:00:09.942607 HM:   EXT_INT_EXIT
00:00:09.942608 HM:   NMI_EXIT
00:00:09.942608 HM:   VIRTUAL_NMI
00:00:09.942608 HM:   PREEMPT_TIMER
00:00:09.942608 HM:   POSTED_INT (must be cleared)
00:00:09.942609 HM: MSR_IA32_VMX_PROCBASED_CTLS       = 0xfff9fffe0401e172
00:00:09.942610 HM:   INT_WINDOW_EXIT
00:00:09.942610 HM:   USE_TSC_OFFSETTING
00:00:09.942624 HM:   HLT_EXIT
00:00:09.942624 HM:   INVLPG_EXIT
00:00:09.942624 HM:   MWAIT_EXIT
00:00:09.942625 HM:   RDPMC_EXIT
00:00:09.942625 HM:   RDTSC_EXIT
00:00:09.942625 HM:   CR3_LOAD_EXIT (must be set)
00:00:09.942625 HM:   CR3_STORE_EXIT (must be set)
00:00:09.942626 HM:   CR8_LOAD_EXIT
00:00:09.942626 HM:   CR8_STORE_EXIT
00:00:09.942626 HM:   USE_TPR_SHADOW
00:00:09.942627 HM:   NMI_WINDOW_EXIT
00:00:09.942627 HM:   MOV_DR_EXIT
00:00:09.942627 HM:   UNCOND_IO_EXIT
00:00:09.942628 HM:   USE_IO_BITMAPS
00:00:09.942628 HM:   MONITOR_TRAP_FLAG
00:00:09.942628 HM:   USE_MSR_BITMAPS
00:00:09.942629 HM:   MONITOR_EXIT
00:00:09.942629 HM:   PAUSE_EXIT
00:00:09.942629 HM:   USE_SECONDARY_CTLS
00:00:09.942642 HM: MSR_IA32_VMX_PROCBASED_CTLS2      = 0x7cff00000000
00:00:09.942643 HM:   VIRT_APIC_ACCESS
00:00:09.942643 HM:   EPT
00:00:09.942643 HM:   DESC_TABLE_EXIT
00:00:09.942643 HM:   RDTSCP
00:00:09.942644 HM:   VIRT_X2APIC_MODE
00:00:09.942644 HM:   VPID
00:00:09.942644 HM:   WBINVD_EXIT
00:00:09.942645 HM:   UNRESTRICTED_GUEST
00:00:09.942645 HM:   APIC_REG_VIRT (must be cleared)
00:00:09.942645 HM:   VIRT_INT_DELIVERY (must be cleared)
00:00:09.942646 HM:   PAUSE_LOOP_EXIT
00:00:09.942646 HM:   RDRAND_EXIT
00:00:09.942646 HM:   INVPCID
00:00:09.942646 HM:   VMFUNC
00:00:09.942647 HM:   VMCS_SHADOWING
00:00:09.942647 HM:   ENCLS_EXIT (must be cleared)
00:00:09.942647 HM:   RDSEED_EXIT (must be cleared)
00:00:09.942648 HM:   PML (must be cleared)
00:00:09.942648 HM:   EPT_VE (must be cleared)
00:00:09.942648 HM:   CONCEAL_FROM_PT (must be cleared)
00:00:09.942649 HM:   XSAVES_XRSTORS (must be cleared)
00:00:09.942649 HM:   TSC_SCALING (must be cleared)
00:00:09.942649 HM: MSR_IA32_VMX_ENTRY_CTLS           = 0xffff000011ff
00:00:09.942650 HM:   LOAD_DEBUG (must be set)
00:00:09.942650 HM:   IA32E_MODE_GUEST
00:00:09.942650 HM:   ENTRY_TO_SMM
00:00:09.942651 HM:   DEACTIVATE_DUAL_MON
00:00:09.942651 HM:   LOAD_PERF_MSR
00:00:09.942664 HM:   LOAD_PAT_MSR
00:00:09.942665 HM:   LOAD_EFER_MSR
00:00:09.942665 HM: MSR_IA32_VMX_EXIT_CTLS            = 0x7fffff00036dff
00:00:09.942666 HM:   SAVE_DEBUG (must be set)
00:00:09.942666 HM:   HOST_ADDR_SPACE_SIZE
00:00:09.942666 HM:   LOAD_PERF_MSR
00:00:09.942667 HM:   ACK_EXT_INT
00:00:09.942667 HM:   SAVE_PAT_MSR
00:00:09.942667 HM:   LOAD_PAT_MSR
00:00:09.942668 HM:   SAVE_EFER_MSR
00:00:09.942668 HM:   LOAD_EFER_MSR
00:00:09.942668 HM:   SAVE_PREEMPT_TIMER
00:00:09.942668 HM: MSR_IA32_VMX_TRUE_PINBASED_CTLS   = 0x7f00000016
00:00:09.942669 HM: MSR_IA32_VMX_TRUE_PROCBASED_CTLS  = 0xfff9fffe04006172
00:00:09.942670 HM: MSR_IA32_VMX_TRUE_ENTRY_CTLS      = 0xffff000011fb
00:00:09.942671 HM: MSR_IA32_VMX_TRUE_EXIT_CTLS       = 0x7fffff00036dfb
00:00:09.942672 HM: MSR_IA32_VMX_MISC                 = 0x300481e5
00:00:09.942672 HM:   PREEMPT_TIMER_TSC                 = 0x5
00:00:09.942673 HM:   EXIT_SAVE_EFER_LMA                = true 
00:00:09.942673 HM:   ACTIVITY_STATES                   = 0x7 ( HLT SHUTDOWN SIPI_WAIT )
00:00:09.942674 HM:   INTEL_PT                          = false
00:00:09.942674 HM:   SMM_READ_SMBASE_MSR               = true 
00:00:09.942675 HM:   CR3_TARGET                        = 0x4
00:00:09.942675 HM:   MAX_MSR                           = 0x0 ( 512 )
00:00:09.942676 HM:   VMXOFF_BLOCK_SMI                  = true 
00:00:09.942676 HM:   VMWRITE_ALL                       = true 
00:00:09.942676 HM:   ENTRY_INJECT_SOFT_INT             = 0x0
00:00:09.942677 HM:   MSEG_ID                           = 0x0
00:00:09.942677 HM: MSR_IA32_VMX_VMCS_ENUM            = 0x2a
00:00:09.942678 HM:   HIGHEST_IDX                       = 0x15
00:00:09.942678 HM: MSR_IA32_VMX_EPT_VPID_CAP         = 0xf0106334141
00:00:09.942679 HM:   RWX_X_ONLY
00:00:09.942679 HM:   PAGE_WALK_LENGTH_4
00:00:09.942679 HM:   EMT_UC
00:00:09.942680 HM:   EMT_WB
00:00:09.942680 HM:   PDE_2M
00:00:09.942680 HM:   PDPTE_1G
00:00:09.942680 HM:   INVEPT
00:00:09.942681 HM:   EPT_ACCESS_DIRTY
00:00:09.942681 HM:   INVEPT_SINGLE_CONTEXT
00:00:09.942681 HM:   INVEPT_ALL_CONTEXTS
00:00:09.942682 HM:   INVVPID
00:00:09.942682 HM:   INVVPID_INDIV_ADDR
00:00:09.942682 HM:   INVVPID_SINGLE_CONTEXT
00:00:09.942682 HM:   INVVPID_ALL_CONTEXTS
00:00:09.942683 HM:   INVVPID_SINGLE_CONTEXT_RETAIN_GLOBALS
00:00:09.942683 HM: MSR_IA32_VMX_VMFUNC               = 0x1
00:00:09.942684 HM:   EPTP_SWITCHING
00:00:09.942684 HM: MSR_IA32_VMX_CR0_FIXED0           = 0x80000021
00:00:09.942684 HM: MSR_IA32_VMX_CR0_FIXED1           = 0xffffffff
00:00:09.942685 HM: MSR_IA32_VMX_CR4_FIXED0           = 0x2000
00:00:09.942686 HM: MSR_IA32_VMX_CR4_FIXED1           = 0x1767ff
00:00:09.942686 HM: APIC-access page physaddr         = 0x00000000a8152000
00:00:09.942687 HM: VCPU  0: MSR bitmap physaddr      = 0x00000000a8150000
00:00:09.942688 HM: VCPU  0: VMCS physaddr            = 0x00000000a8151000
00:00:09.942689 HM: Guest support: 32-bit only
00:00:09.942695 HM: Supports VMCS EFER fields         = true 
00:00:09.942695 HM: Enabled VMX
00:00:09.942710 CPUM: SetGuestCpuIdFeature: Enabled SYSENTER/EXIT
00:00:09.942711 CPUM: SetGuestCpuIdFeature: Enabled NX
00:00:09.942711 HM: Enabled nested paging
00:00:09.942711 HM:   EPT flush type                  = Single context
00:00:09.942712 HM: Enabled unrestricted guest execution
00:00:09.942712 HM: Enabled large page support
00:00:09.942713 HM: Enabled VPID
00:00:09.942713 HM:   VPID flush type                 = Single context
00:00:09.942714 HM: Enabled VMX-preemption timer (cPreemptTimerShift=5)
00:00:09.942714 HM: VT-x/AMD-V init method: LOCAL
00:00:09.942715 EM: Exit history optimizations: enabled=true  enabled-r0=true  enabled-r0-no-preemption=false
00:00:09.942853 VMM: fUsePeriodicPreemptionTimers=false
00:00:09.942862 CPUM: Logical host processors: 4 present, 4 max, 4 online, online mask: 000000000000000f
00:00:09.942863 CPUM: Physical host cores: 2
00:00:09.942864 ************************* CPUID dump ************************
00:00:09.942907          Raw Standard CPUID Leaves
00:00:09.942908      Leaf/sub-leaf  eax      ebx      ecx      edx
00:00:09.942921 Gst: 00000000/0000  0000000d 756e6547 6c65746e 49656e69
00:00:09.942923 Hst:                0000000d 756e6547 6c65746e 49656e69
00:00:09.942924 Gst: 00000001/0000  00040651 00010800 d6fa220b 178bfbff
00:00:09.942925 Hst:                00040651 03100800 7ffafbff bfebfbff
00:00:09.942926 Gst: 00000002/0000  76036301 00f0b5ff 00000000 00c10000
00:00:09.942927 Hst:                76036301 00f0b5ff 00000000 00c10000
00:00:09.942927 Gst: 00000003/0000  00000000 00000000 00000000 00000000
00:00:09.942928 Hst:                00000000 00000000 00000000 00000000
00:00:09.942929 Gst: 00000004/0000  00000121 01c0003f 0000003f 00000000
00:00:09.942930 Hst:                1c004121 01c0003f 0000003f 00000000
00:00:09.942930 Gst: 00000004/0001  00000122 01c0003f 0000003f 00000000
00:00:09.942931 Hst:                1c004122 01c0003f 0000003f 00000000
00:00:09.942932 Gst: 00000004/0002  00000143 01c0003f 000001ff 00000000
00:00:09.942933 Hst:                1c004143 01c0003f 000001ff 00000000
00:00:09.942934 Gst: 00000004/0003  00000163 03c0003f 00000fff 00000006
00:00:09.942934 Hst:                1c03c163 03c0003f 00000fff 00000006
00:00:09.942935 Gst: 00000004/0004  00000000 00000000 00000000 00000000
00:00:09.942936 Hst:                00000000 00000000 00000000 00000000
00:00:09.942936 Gst: 00000005/0000  00000040 00000040 00000000 00000000
00:00:09.942937 Hst:                00000040 00000040 00000003 11142120
00:00:09.942938 Gst: 00000006/0000  00000000 00000000 00000000 00000000
00:00:09.942938 Hst:                00000077 00000002 00000009 00000000
00:00:09.942939 Gst: 00000007/0000  00000000 00002421 00000000 10000400
00:00:09.942940 Hst:                00000000 000027ab 00000000 9c000600
00:00:09.942941 Gst: 00000007/0001  00000000 00000000 00000000 00000000
00:00:09.942941 Hst:                00000000 00000000 00000000 00000000
00:00:09.942942 Gst: 00000008/0000  00000000 00000000 00000000 00000000
00:00:09.942942 Hst:                00000000 00000000 00000000 00000000
00:00:09.942943 Gst: 00000009/0000  00000000 00000000 00000000 00000000
00:00:09.942944 Hst:                00000000 00000000 00000000 00000000
00:00:09.942944 Gst: 0000000a/0000  00000000 00000000 00000000 00000000
00:00:09.942945 Hst:                07300403 00000000 00000000 00000603
00:00:09.942946 Gst: 0000000b/0000  00000000 00000001 00000100 00000000
00:00:09.942946 Hst:                00000001 00000002 00000100 00000003
00:00:09.942947 Gst: 0000000b/0001  00000001 00000001 00000201 00000000
00:00:09.942947 Hst:                00000004 00000004 00000201 00000003
00:00:09.942948 Gst: 0000000b/0002  00000000 00000000 00000002 00000000
00:00:09.942949 Hst:                00000000 00000000 00000002 00000003
00:00:09.942949 Gst: 0000000c/0000  00000000 00000000 00000000 00000000
00:00:09.942950 Hst:                00000000 00000000 00000000 00000000
00:00:09.942950 Gst: 0000000d/0000  00000007 00000340 00000340 00000000
00:00:09.942951 Hst:                00000007 00000340 00000340 00000000
00:00:09.942952 Gst: 0000000d/0001  00000000 00000000 00000000 00000000
00:00:09.942952 Hst:                00000001 00000000 00000000 00000000
00:00:09.942953 Gst: 0000000d/0002  00000100 00000240 00000000 00000000
00:00:09.942953 Hst:                00000100 00000240 00000000 00000000
00:00:09.942954 Gst: 0000000d/0003  00000000 00000000 00000000 00000000
00:00:09.942955 Hst:                00000000 00000000 00000000 00000000
00:00:09.942968                                Name: GenuineIntel
00:00:09.942969                            Supports: 0x00000000-0x0000000d
00:00:09.942982                              Family:  6 	Extended: 0 	Effective: 6
00:00:09.942983                               Model:  5 	Extended: 4 	Effective: 69
00:00:09.942984                            Stepping: 1
00:00:09.942985                                Type: 0 (primary)
00:00:09.942986                             APIC ID: 0x00
00:00:09.942986                        Logical CPUs: 1
00:00:09.942987                        CLFLUSH Size: 8
00:00:09.942987                            Brand ID: 0x00
00:00:09.942988 Features
00:00:09.943001   Mnemonic - Description                                  = guest (host)
00:00:09.943001   FPU - x87 FPU on Chip                                   = 1 (1)
00:00:09.943003   VME - Virtual 8086 Mode Enhancements                    = 1 (1)
00:00:09.943004   DE - Debugging extensions                               = 1 (1)
00:00:09.943005   PSE - Page Size Extension                               = 1 (1)
00:00:09.943006   TSC - Time Stamp Counter                                = 1 (1)
00:00:09.943007   MSR - Model Specific Registers                          = 1 (1)
00:00:09.943007   PAE - Physical Address Extension                        = 1 (1)
00:00:09.943008   MCE - Machine Check Exception                           = 1 (1)
00:00:09.943009   CX8 - CMPXCHG8B instruction                             = 1 (1)
00:00:09.943010   APIC - APIC On-Chip                                     = 1 (1)
00:00:09.943011   SEP - SYSENTER and SYSEXIT Present                      = 1 (1)
00:00:09.943011   MTRR - Memory Type Range Registers                      = 1 (1)
00:00:09.943012   PGE - PTE Global Bit                                    = 1 (1)
00:00:09.943013   MCA - Machine Check Architecture                        = 1 (1)
00:00:09.943014   CMOV - Conditional Move instructions                    = 1 (1)
00:00:09.943015   PAT - Page Attribute Table                              = 1 (1)
00:00:09.943015   PSE-36 - 36-bit Page Size Extension                     = 1 (1)
00:00:09.943029   PSN - Processor Serial Number                           = 0 (0)
00:00:09.943030   CLFSH - CLFLUSH instruction                             = 1 (1)
00:00:09.943031   DS - Debug Store                                        = 0 (1)
00:00:09.943032   ACPI - Thermal Mon. & Soft. Clock Ctrl.                 = 0 (1)
00:00:09.943033   MMX - Intel MMX Technology                              = 1 (1)
00:00:09.943034   FXSR - FXSAVE and FXRSTOR instructions                  = 1 (1)
00:00:09.943034   SSE - SSE support                                       = 1 (1)
00:00:09.943035   SSE2 - SSE2 support                                     = 1 (1)
00:00:09.943036   SS - Self Snoop                                         = 0 (1)
00:00:09.943037   HTT - Hyper-Threading Technology                        = 1 (1)
00:00:09.943038   TM - Therm. Monitor                                     = 0 (1)
00:00:09.943038   PBE - Pending Break Enabled                             = 0 (1)
00:00:09.943039   SSE3 - SSE3 support                                     = 1 (1)
00:00:09.943040   PCLMUL - PCLMULQDQ support (for AES-GCM)                = 1 (1)
00:00:09.943041   DTES64 - DS Area 64-bit Layout                          = 0 (1)
00:00:09.943042   MONITOR - MONITOR/MWAIT instructions                    = 1 (1)
00:00:09.943042   CPL-DS - CPL Qualified Debug Store                      = 0 (1)
00:00:09.943043   VMX - Virtual Machine Extensions                        = 0 (1)
00:00:09.943044   SMX - Safer Mode Extensions                             = 0 (1)
00:00:09.943045   EST - Enhanced SpeedStep Technology                     = 0 (1)
00:00:09.943045   TM2 - Terminal Monitor 2                                = 0 (1)
00:00:09.943046   SSSE3 - Supplemental Streaming SIMD Extensions 3        = 1 (1)
00:00:09.943047   CNTX-ID - L1 Context ID                                 = 0 (0)
00:00:09.943048   SDBG - Silicon Debug interface                          = 0 (1)
00:00:09.943048   FMA - Fused Multiply Add extensions                     = 0 (1)
00:00:09.943049   CX16 - CMPXCHG16B instruction                           = 1 (1)
00:00:09.943050   TPRUPDATE - xTPR Update Control                         = 0 (1)
00:00:09.943051   PDCM - Perf/Debug Capability MSR                        = 0 (1)
00:00:09.943051   PCID - Process Context Identifiers                      = 1 (1)
00:00:09.943052   DCA - Direct Cache Access                               = 0 (0)
00:00:09.943053   SSE4_1 - SSE4_1 support                                 = 1 (1)
00:00:09.943054   SSE4_2 - SSE4_2 support                                 = 1 (1)
00:00:09.943055   X2APIC - x2APIC support                                 = 1 (1)
00:00:09.943055   MOVBE - MOVBE instruction                               = 1 (1)
00:00:09.943056   POPCNT - POPCNT instruction                             = 1 (1)
00:00:09.943057   TSCDEADL - Time Stamp Counter Deadline                  = 0 (1)
00:00:09.943058   AES - AES instructions                                  = 1 (1)
00:00:09.943058   XSAVE - XSAVE instruction                               = 1 (1)
00:00:09.943059   OSXSAVE - OSXSAVE instruction                           = 0 (1)
00:00:09.943060   AVX - AVX support                                       = 1 (1)
00:00:09.943061   F16C - 16-bit floating point conversion instructions    = 0 (1)
00:00:09.943061   RDRAND - RDRAND instruction                             = 1 (1)
00:00:09.943062   HVP - Hypervisor Present (we're a guest)                = 1 (0)
00:00:09.943063 Structured Extended Feature Flags Enumeration (leaf 7):
00:00:09.943064   Mnemonic - Description                                  = guest (host)
00:00:09.943064   FSGSBASE - RDFSBASE/RDGSBASE/WRFSBASE/WRGSBASE instr.   = 1 (1)
00:00:09.943065   TSCADJUST - Supports MSR_IA32_TSC_ADJUST                = 0 (1)
00:00:09.943065   SGX - Supports Software Guard Extensions                = 0 (0)
00:00:09.943066   BMI1 - Advanced Bit Manipulation extension 1            = 0 (1)
00:00:09.943067   HLE - Hardware Lock Elision                             = 0 (0)
00:00:09.943067   AVX2 - Advanced Vector Extensions 2                     = 1 (1)
00:00:09.943068   FDP_EXCPTN_ONLY - FPU DP only updated on exceptions     = 0 (0)
00:00:09.943069   SMEP - Supervisor Mode Execution Prevention             = 0 (1)
00:00:09.943070   BMI2 - Advanced Bit Manipulation extension 2            = 0 (1)
00:00:09.943070   ERMS - Enhanced REP MOVSB/STOSB instructions            = 0 (1)
00:00:09.943071   INVPCID - INVPCID instruction                           = 1 (1)
00:00:09.943072   RTM - Restricted Transactional Memory                   = 0 (0)
00:00:09.943072   PQM - Platform Quality of Service Monitoring            = 0 (0)
00:00:09.943073   DEPFPU_CS_DS - Deprecates FPU CS, FPU DS values if set  = 1 (1)
00:00:09.943074   MPE - Intel Memory Protection Extensions                = 0 (0)
00:00:09.943074   PQE - Platform Quality of Service Enforcement           = 0 (0)
00:00:09.943075   AVX512F - AVX512 Foundation instructions                = 0 (0)
00:00:09.943076   RDSEED - RDSEED instruction                             = 0 (0)
00:00:09.943077   ADX - ADCX/ADOX instructions                            = 0 (0)
00:00:09.943077   SMAP - Supervisor Mode Access Prevention                = 0 (0)
00:00:09.943078   CLFLUSHOPT - CLFLUSHOPT (Cache Line Flush) instruction  = 0 (0)
00:00:09.943079   INTEL_PT - Intel Processor Trace                        = 0 (0)
00:00:09.943079   AVX512PF - AVX512 Prefetch instructions                 = 0 (0)
00:00:09.943080   AVX512ER - AVX512 Exponential & Reciprocal instructions = 0 (0)
00:00:09.943081   AVX512CD - AVX512 Conflict Detection instructions       = 0 (0)
00:00:09.943081   SHA - Secure Hash Algorithm extensions                  = 0 (0)
00:00:09.943082   PREFETCHWT1 - PREFETCHWT1 instruction                   = 0 (0)
00:00:09.943083   UMIP - User mode insturction prevention                 = 0 (0)
00:00:09.943097   PKU - Protection Key for Usermode pages                 = 0 (0)
00:00:09.943098   OSPKE - CR4.PKU mirror                                  = 0 (0)
00:00:09.943099   MAWAU - Value used by BNDLDX & BNDSTX                   = 0x0 (0x0)
00:00:09.943100   RDPID - Read processor ID support                       = 0 (0)
00:00:09.943101   SGX_LC - Supports SGX Launch Configuration              = 0 (0)
00:00:09.943101    9 - Reserved                                           = 0 (1)
00:00:09.943102   MD_CLEAR - Supports MDS related buffer clearing         = 1 (1)
00:00:09.943103   IBRS_IBPB - IA32_SPEC_CTRL.IBRS and IA32_PRED_CMD.IBPB  = 0 (1)
00:00:09.943104   STIBP - Supports IA32_SPEC_CTRL.STIBP                   = 0 (1)
00:00:09.943104   FLUSH_CMD - Supports IA32_FLUSH_CMD                     = 1 (1)
00:00:09.943105   ARCHCAP - Supports IA32_ARCH_CAP                        = 0 (0)
00:00:09.943106   31 - Reserved                                           = 0 (1)
00:00:09.943107 Processor Extended State Enumeration (leaf 0xd):
00:00:09.943107    XSAVE area cur/max size by XCR0, guest: 0x340/0x340
00:00:09.943108     XSAVE area cur/max size by XCR0, host: 0x340/0x340
00:00:09.943109                    Valid XCR0 bits, guest: 0x00000000`00000007 ( x87 SSE YMM_Hi128 )
00:00:09.943110                     Valid XCR0 bits, host: 0x00000000`00000007 ( x87 SSE YMM_Hi128 )
00:00:09.943112                     XSAVE features, guest:
00:00:09.943112                      XSAVE features, host: XSAVEOPT
00:00:09.943113       XSAVE area cur size XCR0|XSS, guest: 0x0
00:00:09.943114        XSAVE area cur size XCR0|XSS, host: 0x0
00:00:09.943114                Valid IA32_XSS bits, guest: 0x00000000`00000000
00:00:09.943115                 Valid IA32_XSS bits, host: 0x00000000`00000000
00:00:09.943115   State #2, guest: off=0x0240, cb=0x0100 IA32_XSS-bit -- YMM_Hi128
00:00:09.943117   State #2, host:  off=0x0240, cb=0x0100 IA32_XSS-bit -- YMM_Hi128
00:00:09.943124          Raw Hypervisor CPUID Leaves
00:00:09.943124      Leaf/sub-leaf  eax      ebx      ecx      edx
00:00:09.943125 Gst: 40000000/0000  40000001 4b4d564b 564b4d56 0000004d
00:00:09.943126 Hst:                00000007 00000340 00000340 00000000
00:00:09.943127 Gst: 40000001/0000  01000089 00000000 00000000 00000000
00:00:09.943127 Hst:                00000007 00000340 00000340 00000000
00:00:09.943128          Raw Extended CPUID Leaves
00:00:09.943128      Leaf/sub-leaf  eax      ebx      ecx      edx
00:00:09.943129 Gst: 80000000/0000  80000008 00000000 00000000 00000000
00:00:09.943130 Hst:                80000008 00000000 00000000 00000000
00:00:09.943130 Gst: 80000001/0000  00000000 00000000 00000021 08100000
00:00:09.943131 Hst:                00000000 00000000 00000021 2c100800
00:00:09.943132 Gst: 80000002/0000  65746e49 2952286c 726f4320 4d542865
00:00:09.943133 Hst:                65746e49 2952286c 726f4320 4d542865
00:00:09.943134 Gst: 80000003/0000  37692029 3036342d 43205530 40205550
00:00:09.943135 Hst:                37692029 3036342d 43205530 40205550
00:00:09.943137 Gst: 80000004/0000  312e3220 7a484730 00000000 00000000
00:00:09.943137 Hst:                312e3220 7a484730 00000000 00000000
00:00:09.943138 Gst: 80000005/0000  00000000 00000000 00000000 00000000
00:00:09.943139 Hst:                00000000 00000000 00000000 00000000
00:00:09.943139 Gst: 80000006/0000  00000000 00000000 01006040 00000000
00:00:09.943140 Hst:                00000000 00000000 01006040 00000000
00:00:09.943141 Gst: 80000007/0000  00000000 00000000 00000000 00000100
00:00:09.943142 Hst:                00000000 00000000 00000000 00000100
00:00:09.943142 Gst: 80000008/0000  00003027 00000000 00000000 00000000
00:00:09.943143 Hst:                00003027 00000000 00000000 00000000
00:00:09.943143 Ext Name:                        
00:00:09.943144 Ext Supports:                    0x80000000-0x80000008
00:00:09.943145 Family:                          0  	Extended: 0 	Effective: 0
00:00:09.943145 Model:                           0  	Extended: 0 	Effective: 0
00:00:09.943146 Stepping:                        0
00:00:09.943146 Brand ID:                        0x000
00:00:09.943146 Ext Features
00:00:09.943147   Mnemonic - Description                                  = guest (host)
00:00:09.943147   FPU - x87 FPU on Chip                                   = 0 (0)
00:00:09.943148   VME - Virtual 8086 Mode Enhancements                    = 0 (0)
00:00:09.943149   DE - Debugging extensions                               = 0 (0)
00:00:09.943150   PSE - Page Size Extension                               = 0 (0)
00:00:09.943150   TSC - Time Stamp Counter                                = 0 (0)
00:00:09.943151   MSR - K86 Model Specific Registers                      = 0 (0)
00:00:09.943152   PAE - Physical Address Extension                        = 0 (0)
00:00:09.943153   MCE - Machine Check Exception                           = 0 (0)
00:00:09.943153   CX8 - CMPXCHG8B instruction                             = 0 (0)
00:00:09.943154   APIC - APIC On-Chip                                     = 0 (0)
00:00:09.943155   SEP - SYSCALL/SYSRET                                    = 0 (1)
00:00:09.943156   MTRR - Memory Type Range Registers                      = 0 (0)
00:00:09.943157   PGE - PTE Global Bit                                    = 0 (0)
00:00:09.943157   MCA - Machine Check Architecture                        = 0 (0)
00:00:09.943158   CMOV - Conditional Move instructions                    = 0 (0)
00:00:09.943159   PAT - Page Attribute Table                              = 0 (0)
00:00:09.943160   PSE-36 - 36-bit Page Size Extension                     = 0 (0)
00:00:09.943160   NX - No-Execute/Execute-Disable                         = 1 (1)
00:00:09.943161   AXMMX - AMD Extensions to MMX instructions              = 0 (0)
00:00:09.943162   MMX - Intel MMX Technology                              = 0 (0)
00:00:09.943163   FXSR - FXSAVE and FXRSTOR Instructions                  = 0 (0)
00:00:09.943163   FFXSR - AMD fast FXSAVE and FXRSTOR instructions        = 0 (0)
00:00:09.943164   Page1GB - 1 GB large page                               = 0 (1)
00:00:09.943165   RDTSCP - RDTSCP instruction                             = 1 (1)
00:00:09.943165   LM - AMD64 Long Mode                                    = 0 (1)
00:00:09.943166   3DNOWEXT - AMD Extensions to 3DNow                      = 0 (0)
00:00:09.943167   3DNOW - AMD 3DNow                                       = 0 (0)
00:00:09.943168   LahfSahf - LAHF/SAHF support in 64-bit mode             = 1 (1)
00:00:09.943169   CmpLegacy - Core multi-processing legacy mode           = 0 (0)
00:00:09.943169   SVM - AMD Secure Virtual Machine extensions             = 0 (0)
00:00:09.943170   EXTAPIC - AMD Extended APIC registers                   = 0 (0)
00:00:09.943171   CR8L - AMD LOCK MOV CR0 means MOV CR8                   = 0 (0)
00:00:09.943171   ABM - AMD Advanced Bit Manipulation                     = 1 (1)
00:00:09.943172   SSE4A - SSE4A instructions                              = 0 (0)
00:00:09.943173   MISALIGNSSE - AMD Misaligned SSE mode                   = 0 (0)
00:00:09.943174   3DNOWPRF - AMD PREFETCH and PREFETCHW instructions      = 0 (0)
00:00:09.943174   OSVW - AMD OS Visible Workaround                        = 0 (0)
00:00:09.943175   IBS - Instruct Based Sampling                           = 0 (0)
00:00:09.943176   XOP - Extended Operation support                        = 0 (0)
00:00:09.943176   SKINIT - SKINIT, STGI, and DEV support                  = 0 (0)
00:00:09.943177   WDT - AMD Watchdog Timer support                        = 0 (0)
00:00:09.943178   LWP - Lightweight Profiling support                     = 0 (0)
00:00:09.943179   FMA4 - Four operand FMA instruction support             = 0 (0)
00:00:09.943179   NodeId - NodeId in MSR C001_100C                        = 0 (0)
00:00:09.943180   TBM - Trailing Bit Manipulation instructions            = 0 (0)
00:00:09.943181   TOPOEXT - Topology Extensions                           = 0 (0)
00:00:09.943182   PRFEXTCORE - Performance Counter Extensions support     = 0 (0)
00:00:09.943182   PRFEXTNB - NB Performance Counter Extensions support    = 0 (0)
00:00:09.943183   DATABPEXT - Data-access Breakpoint Extension            = 0 (0)
00:00:09.943184   PERFTSC - Performance Time Stamp Counter                = 0 (0)
00:00:09.943184 Full Name:                       "Intel(R) Core(TM) i7-4600U CPU @ 2.10GHz"
00:00:09.943185 TLB 2/4M Instr/Uni:              res0     0 entries
00:00:09.943186 TLB 2/4M Data:                   res0     0 entries
00:00:09.943186 TLB 4K Instr/Uni:                res0     0 entries
00:00:09.943187 TLB 4K Data:                     res0     0 entries
00:00:09.943187 L1 Instr Cache Line Size:        0 bytes
00:00:09.943188 L1 Instr Cache Lines Per Tag:    0
00:00:09.943188 L1 Instr Cache Associativity:    res0  
00:00:09.943188 L1 Instr Cache Size:             0 KB
00:00:09.943189 L1 Data Cache Line Size:         0 bytes
00:00:09.943189 L1 Data Cache Lines Per Tag:     0
00:00:09.943189 L1 Data Cache Associativity:     res0  
00:00:09.943190 L1 Data Cache Size:              0 KB
00:00:09.943190 L2 TLB 2/4M Instr/Uni:           off       0 entries
00:00:09.943191 L2 TLB 2/4M Data:                off       0 entries
00:00:09.943191 L2 TLB 4K Instr/Uni:             off       0 entries
00:00:09.943191 L2 TLB 4K Data:                  off       0 entries
00:00:09.943192 L2 Cache Line Size:              0 bytes
00:00:09.943192 L2 Cache Lines Per Tag:          0
00:00:09.943193 L2 Cache Associativity:          off   
00:00:09.943193 L2 Cache Size:                   0 KB
00:00:09.943193   TS - Temperature Sensor                                 = 0 (0)
00:00:09.943194   FID - Frequency ID control                              = 0 (0)
00:00:09.943195   VID - Voltage ID control                                = 0 (0)
00:00:09.943196   TscInvariant - Invariant Time Stamp Counter             = 1 (1)
00:00:09.943197   CBP - Core Performance Boost                            = 0 (0)
00:00:09.943197   EffFreqRO - Read-only Effective Frequency Interface     = 0 (0)
00:00:09.943198   ProcFdbkIf - Processor Feedback Interface               = 0 (0)
00:00:09.943199   ProcPwrRep - Core power reporting interface support     = 0 (0)
00:00:09.943200 Physical Address Width:          39 bits
00:00:09.943200 Virtual Address Width:           48 bits
00:00:09.943200 Guest Physical Address Width:    0 bits
00:00:09.943201 Physical Core Count:             1
00:00:09.943202 
00:00:09.943202 ******************** End of CPUID dump **********************
00:00:09.943202 *********************** VT-x features ***********************
00:00:09.943203 Nested hardware virtualization - VMX features
00:00:09.943204   Mnemonic - Description                                  = guest (host)
00:00:09.943204   VMX - Virtual-Machine Extensions                        = 0 (1)
00:00:09.943205   InsOutInfo - INS/OUTS instruction info.                 = 0 (1)
00:00:09.943205   ExtIntExit - External interrupt exiting                 = 0 (1)
00:00:09.943206   NmiExit - NMI exiting                                   = 0 (1)
00:00:09.943206   VirtNmi - Virtual NMIs                                  = 0 (1)
00:00:09.943206   PreemptTimer - VMX preemption timer                     = 0 (1)
00:00:09.943207   PostedInt - Posted interrupts                           = 0 (0)
00:00:09.943207   IntWindowExit - Interrupt-window exiting                = 0 (1)
00:00:09.943208   TscOffsetting - TSC offsetting                          = 0 (1)
00:00:09.943208   HltExit - HLT exiting                                   = 0 (1)
00:00:09.943209   InvlpgExit - INVLPG exiting                             = 0 (1)
00:00:09.943209   MwaitExit - MWAIT exiting                               = 0 (1)
00:00:09.943210   RdpmcExit - RDPMC exiting                               = 0 (1)
00:00:09.943210   RdtscExit - RDTSC exiting                               = 0 (1)
00:00:09.943211   Cr3LoadExit - CR3-load exiting                          = 0 (1)
00:00:09.943211   Cr3StoreExit - CR3-store exiting                        = 0 (1)
00:00:09.943211   Cr8LoadExit  - CR8-load exiting                         = 0 (1)
00:00:09.943212   Cr8StoreExit - CR8-store exiting                        = 0 (1)
00:00:09.943212   UseTprShadow - Use TPR shadow                           = 0 (1)
00:00:09.943213   NmiWindowExit - NMI-window exiting                      = 0 (1)
00:00:09.943213   MovDRxExit - Mov-DR exiting                             = 0 (1)
00:00:09.943214   UncondIoExit - Unconditional I/O exiting                = 0 (1)
00:00:09.943214   UseIoBitmaps - Use I/O bitmaps                          = 0 (1)
00:00:09.943214   MonitorTrapFlag - Monitor trap flag                     = 0 (1)
00:00:09.943215   UseMsrBitmaps - MSR bitmaps                             = 0 (1)
00:00:09.943215   MonitorExit - MONITOR exiting                           = 0 (1)
00:00:09.943216   PauseExit - PAUSE exiting                               = 0 (1)
00:00:09.943216   SecondaryExecCtl - Activate secondary controls          = 0 (1)
00:00:09.943217   VirtApic - Virtualize-APIC accesses                     = 0 (1)
00:00:09.943217   Ept - Extended Page Tables                              = 0 (1)
00:00:09.943218   DescTableExit - Descriptor-table exiting                = 0 (1)
00:00:09.943218   Rdtscp - Enable RDTSCP                                  = 0 (1)
00:00:09.943218   VirtX2ApicMode - Virtualize-x2APIC mode                 = 0 (1)
00:00:09.943219   Vpid - Enable VPID                                      = 0 (1)
00:00:09.943219   WbinvdExit - WBINVD exiting                             = 0 (1)
00:00:09.943220   UnrestrictedGuest - Unrestricted guest                  = 0 (1)
00:00:09.943220   ApicRegVirt - APIC-register virtualization              = 0 (0)
00:00:09.943221   VirtIntDelivery - Virtual-interrupt delivery            = 0 (0)
00:00:09.943221   PauseLoopExit - PAUSE-loop exiting                      = 0 (1)
00:00:09.943221   RdrandExit - RDRAND exiting                             = 0 (1)
00:00:09.943222   Invpcid - Enable INVPCID                                = 0 (1)
00:00:09.943222   VmFuncs - Enable VM Functions                           = 0 (1)
00:00:09.943236   VmcsShadowing - VMCS shadowing                          = 0 (1)
00:00:09.943237   RdseedExiting - RDSEED exiting                          = 0 (0)
00:00:09.943237   PML - Page-Modification Log (PML)                       = 0 (0)
00:00:09.943238   EptVe - EPT violations can cause #VE                    = 0 (0)
00:00:09.943238   XsavesXRstors - Enable XSAVES/XRSTORS                   = 0 (0)
00:00:09.943238   EntryLoadDebugCtls - Load debug controls on VM-entry    = 0 (1)
00:00:09.943239   Ia32eModeGuest - IA-32e mode guest                      = 0 (1)
00:00:09.943239   EntryLoadEferMsr - Load IA32_EFER MSR on VM-entry       = 0 (1)
00:00:09.943240   EntryLoadPatMsr - Load IA32_PAT MSR on VM-entry         = 0 (1)
00:00:09.943240   ExitSaveDebugCtls - Save debug controls on VM-exit      = 0 (1)
00:00:09.943241   HostAddrSpaceSize - Host address-space size             = 0 (1)
00:00:09.943241   ExitAckExtInt - Acknowledge interrupt on VM-exit        = 0 (1)
00:00:09.943241   ExitSavePatMsr - Save IA32_PAT MSR on VM-exit           = 0 (1)
00:00:09.943242   ExitLoadPatMsr - Load IA32_PAT MSR on VM-exit           = 0 (1)
00:00:09.943242   ExitSaveEferMsr - Save IA32_EFER MSR on VM-exit         = 0 (1)
00:00:09.943243   ExitLoadEferMsr - Load IA32_EFER MSR on VM-exit         = 0 (1)
00:00:09.943243   SavePreemptTimer - Save VMX-preemption timer            = 0 (1)
00:00:09.943244   ExitSaveEferLma - Save IA32_EFER.LMA on VM-exit         = 0 (1)
00:00:09.943244   IntelPt - Intel PT (Processor Trace) in VMX operation   = 0 (0)
00:00:09.943244   VmwriteAll - Write allowed to read-only VMCS fields     = 0 (1)
00:00:09.943245   EntryInjectSoftInt - Inject softint. with 0-len instr.  = 0 (0)
00:00:09.943245 
00:00:09.943246 ******************* End of VT-x features ********************
00:00:09.943313 PcBios: SATA LUN#0 LCHS=1024/255/63
00:00:09.943373 APIC: fPostedIntrsEnabled=false fVirtApicRegsEnabled=false fSupportsTscDeadline=false
00:00:09.943382 TMR3UtcNow: nsNow=1 653 811 700 903 352 600 nsPrev=0 -> cNsDelta=1 653 811 700 903 352 600 (offLag=0 offVirtualSync=0 offVirtualSyncGivenUp=0, NowAgain=1 653 811 700 903 352 600)
00:00:09.943391 VMEmt: Halt method global1 (5)
00:00:09.943427 VMEmt: HaltedGlobal1 config: cNsSpinBlockThresholdCfg=50000
00:00:09.943433 Changing the VM state from 'CREATING' to 'CREATED'
00:00:09.944542 Changing the VM state from 'CREATED' to 'POWERING_ON'
00:00:09.944623 AIOMgr: Endpoints without assigned bandwidth groups:
00:00:09.944632 AIOMgr:     C:\Users\HP\VirtualBox VMs\redhat server\redhat server.vdi
00:00:09.944735 Changing the VM state from 'POWERING_ON' to 'RUNNING'
00:00:09.944757 Console: Machine state changed to 'Running'
00:00:09.950176 VMMDev: Guest Log: BIOS: VirtualBox 6.0.24
00:00:09.950304 PCI: Setting up resources and interrupts
00:00:09.950797 PIT: mode=2 count=0x10000 (65536) - 18.20 Hz (ch=0)
00:00:09.973055 Display::i_handleDisplayResize: uScreenId=0 pvVRAM=0000000000000000 w=720 h=400 bpp=0 cbLine=0x0 flags=0x0 origin=0,0
00:00:09.980545 VMMDev: Guest Log: CPUID EDX: 0x178bfbff
00:00:09.980735 PIIX3 ATA: Ctl#1: RESET, DevSel=0 AIOIf=0 CmdIf0=0x00 (-1 usec ago) CmdIf1=0x00 (-1 usec ago)
00:00:09.980794 PIIX3 ATA: Ctl#1: finished processing RESET
00:00:09.989678 AHCI#0: Reset the HBA
00:00:09.989724 VD#0: Cancelling all active requests
00:00:09.989856 AHCI#0: Port 0 reset
00:00:09.989916 VD#0: Cancelling all active requests
00:00:09.991849 VMMDev: Guest Log: BIOS: AHCI 0-P#0: PCHS=16383/16/63 LCHS=1024/255/63 0x0000000002800000 sectors
00:00:09.993383 PIT: mode=2 count=0x48d3 (18643) - 64.00 Hz (ch=0)
00:00:09.994865 Display::i_handleDisplayResize: uScreenId=0 pvVRAM=000000000b000000 w=640 h=480 bpp=32 cbLine=0xA00 flags=0x0 origin=0,0
00:00:10.448975 GUI: UIMachineViewNormal::resendSizeHint: Restoring guest size-hint for screen 0 to 800x600
00:00:10.449117 VMMDev: SetVideoModeHint: Got a video mode hint (800x600x32)@(0x0),(1;0) at 0
00:00:10.543518 GUI: 2D video acceleration is disabled
00:00:10.543553 GUI: HID LEDs sync is enabled
00:00:10.559206 GUI: UIMachineLogicNormal::sltCheckForRequestedVisualStateType: Requested-state=0, Machine-state=5
00:00:12.466324 Display::i_handleDisplayResize: uScreenId=0 pvVRAM=000000000b000000 w=640 h=480 bpp=0 cbLine=0x280 flags=0x0 origin=0,0
00:00:12.490248 Display::i_handleDisplayResize: uScreenId=0 pvVRAM=0000000000000000 w=720 h=400 bpp=0 cbLine=0x0 flags=0x0 origin=0,0
00:00:12.568046 PIT: mode=2 count=0x10000 (65536) - 18.20 Hz (ch=0)
00:00:12.568596 VMMDev: Guest Log: BIOS: Boot : bseqnr=1, bootseq=0231
00:00:12.569023 VMMDev: Guest Log: BIOS: Boot from Floppy 0 failed
00:00:12.569504 VMMDev: Guest Log: BIOS: Boot : bseqnr=2, bootseq=0023
00:00:12.570432 VMMDev: Guest Log: BIOS: CDROM boot failure code : 0003
00:00:12.570781 VMMDev: Guest Log: BIOS: Boot from CD-ROM failed
00:00:12.571196 VMMDev: Guest Log: BIOS: Boot : bseqnr=3, bootseq=0002
00:00:12.584343 VMMDev: Guest Log: BIOS: Booting from Hard Disk...
00:00:12.595597 VMMDev: Guest Log: int13_harddisk_ext: function 41, unmapped device for ELDL=81
00:00:12.596224 VMMDev: Guest Log: int13_harddisk: function 08, unmapped device for ELDL=81
00:00:12.702830 Display::i_handleDisplayResize: uScreenId=0 pvVRAM=000000000b000000 w=640 h=480 bpp=0 cbLine=0x140 flags=0x0 origin=0,0
00:00:16.955433 Display::i_handleDisplayResize: uScreenId=0 pvVRAM=0000000000000000 w=720 h=400 bpp=0 cbLine=0x0 flags=0x0 origin=0,0
00:00:17.774251 VMMDev: Guest Log: BIOS: KBD: unsupported int 16h function 03
00:00:17.774690 VMMDev: Guest Log: BIOS: AX=0305 BX=0000 CX=0000 DX=0000 
00:00:17.801629 VMMDev: Guest Log: int13_harddisk_ext: function 41, unmapped device for ELDL=81
00:00:17.802202 VMMDev: Guest Log: int13_harddisk: function 02, unmapped device for ELDL=81
00:00:17.802805 VMMDev: Guest Log: int13_harddisk_ext: function 41, unmapped device for ELDL=82
00:00:17.803370 VMMDev: Guest Log: int13_harddisk: function 02, unmapped device for ELDL=82
00:00:17.803975 VMMDev: Guest Log: int13_harddisk_ext: function 41, unmapped device for ELDL=83
00:00:17.804538 VMMDev: Guest Log: int13_harddisk: function 02, unmapped device for ELDL=83
00:00:17.805242 VMMDev: Guest Log: int13_harddisk_ext: function 41, unmapped device for ELDL=84
00:00:17.805857 VMMDev: Guest Log: int13_harddisk: function 02, unmapped device for ELDL=84
00:00:17.806462 VMMDev: Guest Log: int13_harddisk_ext: function 41, unmapped device for ELDL=85
00:00:17.807072 VMMDev: Guest Log: int13_harddisk: function 02, unmapped device for ELDL=85
00:00:17.807675 VMMDev: Guest Log: int13_harddisk_ext: function 41, unmapped device for ELDL=86
00:00:17.808240 VMMDev: Guest Log: int13_harddisk: function 02, unmapped device for ELDL=86
00:00:17.808865 VMMDev: Guest Log: int13_harddisk_ext: function 41, unmapped device for ELDL=87
00:00:17.809443 VMMDev: Guest Log: int13_harddisk: function 02, unmapped device for ELDL=87
00:00:17.810061 VMMDev: Guest Log: int13_harddisk_ext: function 41, unmapped device for ELDL=88
00:00:17.810638 VMMDev: Guest Log: int13_harddisk: function 02, unmapped device for ELDL=88
00:00:17.811291 VMMDev: Guest Log: int13_harddisk_ext: function 41, unmapped device for ELDL=89
00:00:17.811903 VMMDev: Guest Log: int13_harddisk: function 02, unmapped device for ELDL=89
00:00:17.812585 VMMDev: Guest Log: int13_harddisk_ext: function 41, unmapped device for ELDL=8a
00:00:17.813179 VMMDev: Guest Log: int13_harddisk: function 02, unmapped device for ELDL=8a
00:00:17.813886 VMMDev: Guest Log: int13_harddisk_ext: function 41, unmapped device for ELDL=8b
00:00:17.814519 VMMDev: Guest Log: int13_harddisk: function 02, unmapped device for ELDL=8b
00:00:17.815139 VMMDev: Guest Log: int13_harddisk_ext: function 41, unmapped device for ELDL=8c
00:00:17.815727 VMMDev: Guest Log: int13_harddisk: function 02, unmapped device for ELDL=8c
00:00:17.816336 VMMDev: Guest Log: int13_harddisk_ext: function 41, unmapped device for ELDL=8d
00:00:17.816947 VMMDev: Guest Log: int13_harddisk: function 02, unmapped device for ELDL=8d
00:00:17.817568 VMMDev: Guest Log: int13_harddisk_ext: function 41, unmapped device for ELDL=8e
00:00:17.818132 VMMDev: Guest Log: int13_harddisk: function 02, unmapped device for ELDL=8e
00:00:17.818736 VMMDev: Guest Log: int13_harddisk_ext: function 41, unmapped device for ELDL=8f
00:00:17.819300 VMMDev: Guest Log: int13_harddisk: function 02, unmapped device for ELDL=8f
00:00:17.913445 Display::i_handleDisplayResize: uScreenId=0 pvVRAM=0000000000000000 w=640 h=400 bpp=0 cbLine=0x0 flags=0x0 origin=0,0
00:00:17.946405 Display::i_handleDisplayResize: uScreenId=0 pvVRAM=0000000000000000 w=720 h=400 bpp=0 cbLine=0x0 flags=0x0 origin=0,0
00:00:18.159728 GIM: KVM: VCPU  0: Enabled system-time struct. at 0x0000000000ac0020 - u32TscScale=0xbe11836e i8TscShift=-1 uVersion=2 fFlags=0x1 uTsc=0x526f5c86f uVirtNanoTS=0x1e9a2d0d1
00:00:18.159756 TM: Switching TSC mode from 'Dynamic' to 'RealTscOffset'
00:00:18.178168 GIM: KVM: VCPU  0: Enabled system-time struct. at 0x0000000001609020 - u32TscScale=0xbe11836e i8TscShift=-1 uVersion=4 fFlags=0x1 uTsc=0x526f5c86f uVirtNanoTS=0x1e9a2d0d1
00:00:18.229157 GIM: KVM: Enabled wall-clock struct. at 0x0000000000adb5ec - u32Sec=1653811709 u32Nano=189147100 uVersion=2
00:00:18.255183 PIT: mode=2 count=0x4a9 (1193) - 1000.15 Hz (ch=0)
00:00:18.395057 PIT: mode=0 count=0x10000 (65536) - 18.20 Hz (ch=0)
00:00:19.421733 OHCI: Software reset
00:00:19.422048 OHCI: USB Operational
00:00:20.244310 AHCI#0: Reset the HBA
00:00:20.244337 VD#0: Cancelling all active requests
00:00:20.245156 AHCI#0: Port 0 reset
00:00:20.247686 VD#0: Cancelling all active requests
00:00:20.565500 OHCI: USB Suspended
00:00:20.607245 PIIX3 ATA: Ctl#0: RESET, DevSel=0 AIOIf=0 CmdIf0=0x00 (-1 usec ago) CmdIf1=0x00 (-1 usec ago)
00:00:20.607379 PIIX3 ATA: Ctl#0: finished processing RESET
00:00:20.607794 PIIX3 ATA: Ctl#1: RESET, DevSel=0 AIOIf=0 CmdIf0=0xa0 (-1 usec ago) CmdIf1=0x00 (-1 usec ago)
00:00:20.607882 PIIX3 ATA: Ctl#1: finished processing RESET
00:00:22.546963 AIOMgr: Async flushes not supported
00:00:30.671327 AC97: Reset
00:00:30.671361 AC97: Mixer reset (EAID=0x809, EACS=0x9)
00:00:30.671368 AC97: Record select to left=Microphone In, right=Microphone In
00:00:30.671633 AC97: Reset
00:00:30.671642 AC97: Mixer reset (EAID=0x809, EACS=0x9)
00:00:30.671647 AC97: Record select to left=Microphone In, right=Microphone In
00:00:31.059752 Audio: Enabling input for driver 'DSoundAudio'
00:00:31.061335 Mixer: Setting recording source of sink '[Recording] Line In' to 'Line-In'
00:00:31.067707 Audio: Disabling input for driver 'DSoundAudio'
00:00:31.080073 Mixer: Setting recording source of sink '[Recording] Line In' to '<None>'
00:00:31.135677 Audio: Enabling input for driver 'DSoundAudio'
00:00:31.136189 Mixer: Setting recording source of sink '[Recording] Line In' to 'Line-In'
00:00:31.138447 Audio: Disabling input for driver 'DSoundAudio'
00:00:31.148931 Mixer: Setting recording source of sink '[Recording] Line In' to '<None>'
00:00:31.186414 Audio: Enabling input for driver 'DSoundAudio'
00:00:31.186962 Mixer: Setting recording source of sink '[Recording] Line In' to 'Line-In'
00:00:31.189195 Audio: Disabling input for driver 'DSoundAudio'
00:00:31.199642 Mixer: Setting recording source of sink '[Recording] Line In' to '<None>'
00:00:31.235800 Audio: Enabling input for driver 'DSoundAudio'
00:00:31.236365 Mixer: Setting recording source of sink '[Recording] Line In' to 'Line-In'
00:00:31.239978 Audio: Disabling input for driver 'DSoundAudio'
00:00:31.249113 Mixer: Setting recording source of sink '[Recording] Line In' to '<None>'
00:00:31.284969 Audio: Enabling input for driver 'DSoundAudio'
00:00:31.285480 Mixer: Setting recording source of sink '[Recording] Line In' to 'Line-In'
00:00:31.289425 Audio: Disabling input for driver 'DSoundAudio'
00:00:31.298402 Mixer: Setting recording source of sink '[Recording] Line In' to '<None>'
00:00:31.334448 Audio: Enabling input for driver 'DSoundAudio'
00:00:31.335030 Mixer: Setting recording source of sink '[Recording] Line In' to 'Line-In'
00:00:31.335756 Audio: Disabling input for driver 'DSoundAudio'
00:00:31.348015 Mixer: Setting recording source of sink '[Recording] Line In' to '<None>'
00:00:31.396366 Audio: Enabling input for driver 'DSoundAudio'
00:00:31.397890 Mixer: Setting recording source of sink '[Recording] Line In' to 'Line-In'
00:00:31.402316 Audio: Disabling input for driver 'DSoundAudio'
00:00:31.410571 Mixer: Setting recording source of sink '[Recording] Line In' to '<None>'
00:00:31.450310 Audio: Enabling input for driver 'DSoundAudio'
00:00:31.450822 Mixer: Setting recording source of sink '[Recording] Line In' to 'Line-In'
00:00:31.452779 Audio: Disabling input for driver 'DSoundAudio'
00:00:31.463643 Mixer: Setting recording source of sink '[Recording] Line In' to '<None>'
00:00:31.500490 Audio: Enabling input for driver 'DSoundAudio'
00:00:31.501002 Mixer: Setting recording source of sink '[Recording] Line In' to 'Line-In'
00:00:31.518081 Mixer: Setting recording source of sink '[Recording] Microphone In' to 'Mic-In'
00:00:31.518199 Audio: Disabling input for driver 'DSoundAudio'
00:00:31.523568 Mixer: Setting recording source of sink '[Recording] Microphone In' to '<None>'
00:00:31.537714 Audio: Enabling input for driver 'DSoundAudio'
00:00:31.538970 Mixer: Setting recording source of sink '[Recording] Microphone In' to 'Mic-In'
00:00:31.541936 Audio: Disabling input for driver 'DSoundAudio'
00:00:31.548421 Mixer: Setting recording source of sink '[Recording] Microphone In' to '<None>'
00:00:31.563143 Audio: Enabling input for driver 'DSoundAudio'
00:00:31.564248 Mixer: Setting recording source of sink '[Recording] Microphone In' to 'Mic-In'
00:00:31.565543 Audio: Disabling input for driver 'DSoundAudio'
00:00:31.575457 Mixer: Setting recording source of sink '[Recording] Microphone In' to '<None>'
00:00:31.589626 Audio: Enabling input for driver 'DSoundAudio'
00:00:31.590747 Mixer: Setting recording source of sink '[Recording] Microphone In' to 'Mic-In'
00:00:31.593292 Audio: Disabling input for driver 'DSoundAudio'
00:00:31.600586 Mixer: Setting recording source of sink '[Recording] Microphone In' to '<None>'
00:00:31.614106 Audio: Enabling input for driver 'DSoundAudio'
00:00:31.615243 Mixer: Setting recording source of sink '[Recording] Microphone In' to 'Mic-In'
00:00:31.615549 Audio: Disabling input for driver 'DSoundAudio'
00:00:31.625823 Mixer: Setting recording source of sink '[Recording] Microphone In' to '<None>'
00:00:31.640967 Audio: Enabling input for driver 'DSoundAudio'
00:00:31.642085 Mixer: Setting recording source of sink '[Recording] Microphone In' to 'Mic-In'
00:00:31.644988 Audio: Disabling input for driver 'DSoundAudio'
00:00:31.652957 Mixer: Setting recording source of sink '[Recording] Microphone In' to '<None>'
00:00:31.667923 Audio: Enabling input for driver 'DSoundAudio'
00:00:31.668992 Mixer: Setting recording source of sink '[Recording] Microphone In' to 'Mic-In'
00:00:31.669145 Audio: Disabling input for driver 'DSoundAudio'
00:00:31.678569 Mixer: Setting recording source of sink '[Recording] Microphone In' to '<None>'
00:00:31.694859 Audio: Enabling input for driver 'DSoundAudio'
00:00:31.696070 Mixer: Setting recording source of sink '[Recording] Microphone In' to 'Mic-In'
00:00:31.701782 Audio: Disabling input for driver 'DSoundAudio'
00:00:31.707415 Mixer: Setting recording source of sink '[Recording] Microphone In' to '<None>'
00:00:31.721223 Audio: Enabling input for driver 'DSoundAudio'
00:00:31.722666 Mixer: Setting recording source of sink '[Recording] Microphone In' to 'Mic-In'
00:00:31.725227 AC97: Record select to left=Microphone In, right=Microphone In
00:00:52.182217 GUI: UIFrameBufferPrivate::performResize: Size=720x400, Using fallback buffer since no source bitmap is provided
00:00:53.363586 GUI: UIFrameBufferPrivate::performResize: Size=720x400, Using fallback buffer since no source bitmap is provided
00:00:54.498638 Display::i_handleDisplayResize: uScreenId=0 pvVRAM=000000000b000000 w=800 h=600 bpp=32 cbLine=0xC80 flags=0x1 origin=0,0
00:00:56.551973 OHCI: USB Resume
00:00:56.585525 OHCI: USB Operational
00:00:57.818522 OHCI: USB Suspended
00:01:00.803781 Audio: Disabling input for driver 'DSoundAudio'
00:01:00.823112 Mixer: Setting recording source of sink '[Recording] Line In' to '<None>'
00:01:00.838926 Audio: Enabling input for driver 'DSoundAudio'
00:01:00.840279 Mixer: Setting recording source of sink '[Recording] Line In' to 'Line-In'
00:05:10.905237 GUI: UIMediumEnumerator: Medium-enumeration finished!
00:08:49.061551 GUI: UIMediumEnumerator: Medium-enumeration finished!
00:08:49.147935 GUI: UIMediumEnumerator: Medium-enumeration finished!
00:08:49.189079 GUI: UIMediumEnumerator: Medium-enumeration finished!
00:09:23.276627 GUI: UIMediumEnumerator: Medium-enumeration finished!
00:09:23.336315 GUI: UIMediumEnumerator: Medium-enumeration finished!
00:09:23.401821 GUI: UIMediumEnumerator: Medium-enumeration finished!
00:09:47.450986 GUI: UIMediumEnumerator: Medium-enumeration finished!
04:14:13.171087 Pausing VM execution, reason 'host suspend'
04:14:13.186162 Changing the VM state from 'RUNNING' to 'SUSPENDING'
04:14:13.246058 AIOMgr: Endpoint for file 'C:\Users\HP\VirtualBox VMs\redhat server\redhat server.vdi' (flags 000c0781) created successfully
04:14:13.849598 PDMR3Suspend: 663 377 139 ns run time
04:14:13.849642 Changing the VM state from 'SUSPENDING' to 'SUSPENDED'
04:14:13.849668 Console: Machine state changed to 'Paused'
09:58:21.012442 Resuming VM execution, reason 'host resume'
09:58:21.015587 Changing the VM state from 'SUSPENDED' to 'RESUMING'
09:58:21.040321 AIOMgr: Endpoint for file 'C:\Users\HP\VirtualBox VMs\redhat server\redhat server.vdi' (flags 000c0723) created successfully
09:58:22.931302 Changing the VM state from 'RESUMING' to 'RUNNING'
09:58:22.931343 Console: Machine state changed to 'Running'
09:59:04.171642 AIOMgr: Async flushes not supported
10:12:39.221515 VirtualBoxClient: detected unresponsive VBoxSVC (rc=RPC_S_CALL_FAILED 0x800706BE)
